Log file open, 01/20/19 14:50:26
LogWindows: Failed to load 'aqProf.dll' (GetLastError=126)
LogWindows: File 'aqProf.dll' does not exist
LogWindows: Failed to load 'VtuneApi.dll' (GetLastError=126)
LogWindows: File 'VtuneApi.dll' does not exist
LogWindows: Failed to load 'VtuneApi32e.dll' (GetLastError=126)
LogWindows: File 'VtuneApi32e.dll' does not exist
LogConsoleResponse: Display: Failed to find resolution value strings in scalability ini. Falling back to default.
LogInit: Display: Running engine for game: Battle_Tank
LogPakFile: Registered encryption key '00000000000000000000000000000000': 0 pak files mounted, 0 remain pending
LogPlatformFile: Not using cached read wrapper
LogTaskGraph: Started task graph with 5 named threads and 23 total threads with 3 sets of task threads.
LogStats: Stats thread started at 0.284884
LogD3D11RHI: Loaded GFSDK_Aftermath_Lib.x64.dll
LogICUInternationalization: ICU TimeZone Detection - Raw Offset: +0:00, Platform Override: ''
LogPluginManager: Mounting plugin Paper2D
LogPluginManager: Mounting plugin AISupport
LogPluginManager: Mounting plugin LightPropagationVolume
LogPluginManager: Mounting plugin ActorLayerUtilities
LogPluginManager: Mounting plugin CLionSourceCodeAccess
LogPluginManager: Mounting plugin CodeLiteSourceCodeAccess
LogPluginManager: Mounting plugin GitSourceControl
LogPluginManager: Mounting plugin KDevelopSourceCodeAccess
LogPluginManager: Mounting plugin NullSourceCodeAccess
LogPluginManager: Mounting plugin PerforceSourceControl
LogPluginManager: Mounting plugin SubversionSourceControl
LogPluginManager: Mounting plugin UObjectPlugin
LogPluginManager: Mounting plugin VisualStudioCodeSourceCodeAccess
LogPluginManager: Mounting plugin VisualStudioSourceCodeAccess
LogPluginManager: Mounting plugin XCodeSourceCodeAccess
LogPluginManager: Mounting plugin AssetManagerEditor
LogPluginManager: Mounting plugin CryptoKeys
LogPluginManager: Mounting plugin DataValidation
LogPluginManager: Mounting plugin FacialAnimation
LogPluginManager: Mounting plugin GameplayTagsEditor
LogPluginManager: Mounting plugin MacGraphicsSwitching
LogPluginManager: Mounting plugin MeshEditor
LogPluginManager: Mounting plugin MobileLauncherProfileWizard
LogPluginManager: Mounting plugin PluginBrowser
LogPluginManager: Mounting plugin SpeedTreeImporter
LogPluginManager: Mounting plugin DatasmithContent
LogPluginManager: Mounting plugin VariantManagerContent
LogPluginManager: Mounting plugin AlembicImporter
LogPluginManager: Mounting plugin AppleImageUtils
LogPluginManager: Mounting plugin AppleVision
LogPluginManager: Mounting plugin BackChannel
LogPluginManager: Mounting plugin CharacterAI
LogPluginManager: Mounting plugin GeometryCache
LogPluginManager: Mounting plugin HTML5Networking
LogPluginManager: Mounting plugin ProxyLODPlugin
LogPluginManager: Mounting plugin MagicLeap
LogPluginManager: Mounting plugin MagicLeapMedia
LogPluginManager: Mounting plugin AndroidMedia
LogPluginManager: Mounting plugin AvfMedia
LogPluginManager: Mounting plugin ImgMedia
LogPluginManager: Mounting plugin LinearTimecode
LogPluginManager: Mounting plugin MediaCompositing
LogPluginManager: Mounting plugin MediaPlayerEditor
LogPluginManager: Mounting plugin WebMMedia
LogPluginManager: Mounting plugin WmfMedia
LogPluginManager: Mounting plugin TcpMessaging
LogPluginManager: Mounting plugin UdpMessaging
LogPluginManager: Mounting plugin ActorSequence
LogPluginManager: Mounting plugin LevelSequenceEditor
LogPluginManager: Mounting plugin MatineeToLevelSequence
LogPluginManager: Mounting plugin NetcodeUnitTest
LogPluginManager: Mounting plugin NUTUnrealEngine4
LogPluginManager: Mounting plugin OnlineSubsystemGooglePlay
LogPluginManager: Mounting plugin OnlineSubsystemIOS
LogPluginManager: Mounting plugin OnlineSubsystem
LogPluginManager: Mounting plugin OnlineSubsystemNull
LogPluginManager: Mounting plugin OnlineSubsystemUtils
LogPluginManager: Mounting plugin LauncherChunkInstaller
LogPluginManager: Mounting plugin AndroidDeviceProfileSelector
LogPluginManager: Mounting plugin AndroidMoviePlayer
LogPluginManager: Mounting plugin AndroidPermission
LogPluginManager: Mounting plugin AppleMoviePlayer
LogPluginManager: Mounting plugin ArchVisCharacter
LogPluginManager: Mounting plugin AudioCapture
LogPluginManager: Mounting plugin CableComponent
LogPluginManager: Mounting plugin CustomMeshComponent
LogPluginManager: Mounting plugin EditableMesh
LogPluginManager: Mounting plugin ExampleDeviceProfileSelector
LogPluginManager: Mounting plugin Firebase
LogPluginManager: Mounting plugin GoogleCloudMessaging
LogPluginManager: Mounting plugin IOSDeviceProfileSelector
LogPluginManager: Mounting plugin LinuxDeviceProfileSelector
LogPluginManager: Mounting plugin LocationServicesBPLibrary
LogPluginManager: Mounting plugin MobilePatchingUtils
LogPluginManager: Mounting plugin OculusVR
LogPluginManager: Mounting plugin PhysXVehicles
LogPluginManager: Mounting plugin ProceduralMeshComponent
LogPluginManager: Mounting plugin RuntimePhysXCooking
LogPluginManager: Mounting plugin SteamVR
LogPluginManager: Mounting plugin WebMMoviePlayer
LogPluginManager: Mounting plugin WindowsMoviePlayer
LogStreaming: Display: Took  0.092s to configure plugins.
LogInit: Using libcurl 7.55.1-DEV
LogInit:  - built for x86_64-pc-win32
LogInit:  - supports SSL with OpenSSL/1.0.2h
LogInit:  - supports HTTP deflate (compression) using libz 1.2.8
LogInit:  - other features:
LogInit:      CURL_VERSION_SSL
LogInit:      CURL_VERSION_LIBZ
LogInit:      CURL_VERSION_IPV6
LogInit:      CURL_VERSION_ASYNCHDNS
LogInit:      CURL_VERSION_LARGEFILE
LogInit:      CURL_VERSION_IDN
LogInit:  CurlRequestOptions (configurable via config and command line):
LogInit:  - bVerifyPeer = true  - Libcurl will verify peer certificate
LogInit:  - bUseHttpProxy = false  - Libcurl will NOT use HTTP proxy
LogInit:  - bDontReuseConnections = false  - Libcurl will reuse connections
LogInit:  - MaxHostConnections = 16  - Libcurl will limit the number of connections to a host
LogInit:  - LocalHostAddr = Default
LogInit:  - BufferSize = 65536
LogInit: WinSock: version 1.1 (2.2), MaxSocks=32767, MaxUdp=65467
LogInit: Build: ++UE4+Release-4.21-CL-4613538
LogInit: Engine Version: 4.21.1-4613538+++UE4+Release-4.21
LogInit: Compatible Engine Version: 4.21.0-4541578+++UE4+Release-4.21
LogInit: Net CL: 4541578
LogInit: OS: Windows 10 (), CPU: Intel(R) Core(TM) i7-7700HQ CPU @ 2.80GHz, GPU: NVIDIA GeForce GTX 1070
LogInit: Compiled (64-bit): Nov 30 2018 04:13:25
LogInit: Compiled with Visual C++: 19.13.26129.00
LogInit: Build Configuration: Development
LogInit: Branch Name: ++UE4+Release-4.21
LogInit: Command Line: 
LogInit: Base Directory: C:/Program Files/Epic Games/UE_4.21/Engine/Binaries/Win64/
LogInit: Installed Engine Build: 1
LogDevObjectVersion: Number of dev versions registered: 22
LogDevObjectVersion:   Dev-Blueprints (B0D832E4-1F89-4F0D-ACCF-7EB736FD4AA2): 10
LogDevObjectVersion:   Dev-Build (E1C64328-A22C-4D53-A36C-8E866417BD8C): 0
LogDevObjectVersion:   Dev-Core (375EC13C-06E4-48FB-B500-84F0262A717E): 2
LogDevObjectVersion:   Dev-Editor (E4B068ED-F494-42E9-A231-DA0B2E46BB41): 26
LogDevObjectVersion:   Dev-Framework (CFFC743F-43B0-4480-9391-14DF171D2073): 34
LogDevObjectVersion:   Dev-Mobile (B02B49B5-BB20-44E9-A304-32B752E40360): 2
LogDevObjectVersion:   Dev-Networking (A4E4105C-59A1-49B5-A7C5-40C4547EDFEE): 0
LogDevObjectVersion:   Dev-Online (39C831C9-5AE6-47DC-9A44-9C173E1C8E7C): 0
LogDevObjectVersion:   Dev-Physics (78F01B33-EBEA-4F98-B9B4-84EACCB95AA2): 0
LogDevObjectVersion:   Dev-Platform (6631380F-2D4D-43E0-8009-CF276956A95A): 0
LogDevObjectVersion:   Dev-Rendering (12F88B9F-8875-4AFC-A67C-D90C383ABD29): 27
LogDevObjectVersion:   Dev-Sequencer (7B5AE74C-D270-4C10-A958-57980B212A5A): 9
LogDevObjectVersion:   Dev-VR (D7296918-1DD6-4BDD-9DE2-64A83CC13884): 2
LogDevObjectVersion:   Dev-LoadTimes (C2A15278-BFE7-4AFE-6C17-90FF531DF755): 1
LogDevObjectVersion:   Private-Geometry (6EACA3D4-40EC-4CC1-B786-8BED09428FC5): 3
LogDevObjectVersion:   Dev-AnimPhys (29E575DD-E0A3-4627-9D10-D276232CDCEA): 17
LogDevObjectVersion:   Dev-Anim (AF43A65D-7FD3-4947-9873-3E8ED9C1BB05): 2
LogDevObjectVersion:   Dev-ReflectionCapture (6B266CEC-1EC7-4B8F-A30B-E4D90942FC07): 1
LogDevObjectVersion:   Dev-Automation (0DF73D61-A23F-47EA-B727-89E90C41499A): 1
LogDevObjectVersion:   FortniteMain (601D1886-AC64-4F84-AA16-D3DE0DEAC7D6): 17
LogDevObjectVersion:   Dev-Enterprise (9DFFBCD6-494F-0158-E221-12823C92A888): 4
LogDevObjectVersion:   Dev-Niagara (F2AED0AC-9AFE-416F-8664-AA7FFA26D6FC): 1
LogStreaming: Display: Took  0.001s to delete old logs.
LogInit: Presizing for max 8388607 objects, including 0 objects not considered by GC, pre-allocating 0 bytes for permanent pool.
LogInit: Object subsystem initialized
LogConfig: Setting CVar [[con.DebugEarlyDefault:1]]
LogConfig: Setting CVar [[r.setres:1280x720]]
[2019.01.20-14.50.26:974][  0]LogConfig: Setting CVar [[r.VSync:0]]
[2019.01.20-14.50.26:975][  0]LogConfig: Setting CVar [[r.RHICmdBypass:0]]
[2019.01.20-14.50.26:975][  0]LogConfig: Applying CVar settings from Section [/Script/Engine.RendererSettings] File [F:/Unreal Projects/Battle Tank/BT/Battle_Tank/Saved/Config/Windows/Engine.ini]
[2019.01.20-14.50.26:975][  0]LogConfig: Setting CVar [[r.GPUCrashDebugging:0]]
[2019.01.20-14.50.26:975][  0]LogConfig: Applying CVar settings from Section [/Script/Engine.RendererOverrideSettings] File [F:/Unreal Projects/Battle Tank/BT/Battle_Tank/Saved/Config/Windows/Engine.ini]
[2019.01.20-14.50.26:975][  0]LogConfig: Applying CVar settings from Section [/Script/Engine.StreamingSettings] File [F:/Unreal Projects/Battle Tank/BT/Battle_Tank/Saved/Config/Windows/Engine.ini]
[2019.01.20-14.50.26:975][  0]LogConfig: Setting CVar [[s.MinBulkDataSizeForAsyncLoading:131072]]
[2019.01.20-14.50.26:975][  0]LogConfig: Setting CVar [[s.AsyncLoadingThreadEnabled:0]]
[2019.01.20-14.50.26:975][  0]LogConfig: Setting CVar [[s.EventDrivenLoaderEnabled:1]]
[2019.01.20-14.50.26:975][  0]LogConfig: Setting CVar [[s.WarnIfTimeLimitExceeded:0]]
[2019.01.20-14.50.26:975][  0]LogConfig: Setting CVar [[s.TimeLimitExceededMultiplier:1.5]]
[2019.01.20-14.50.26:975][  0]LogConfig: Setting CVar [[s.TimeLimitExceededMinTime:0.005]]
[2019.01.20-14.50.26:975][  0]LogConfig: Setting CVar [[s.UseBackgroundLevelStreaming:1]]
[2019.01.20-14.50.26:975][  0]LogConfig: Setting CVar [[s.PriorityAsyncLoadingExtraTime:15.0]]
[2019.01.20-14.50.26:975][  0]LogConfig: Setting CVar [[s.LevelStreamingActorsUpdateTimeLimit:5.0]]
[2019.01.20-14.50.26:975][  0]LogConfig: Setting CVar [[s.PriorityLevelStreamingActorsUpdateExtraTime:5.0]]
[2019.01.20-14.50.26:975][  0]LogConfig: Setting CVar [[s.LevelStreamingComponentsRegistrationGranularity:10]]
[2019.01.20-14.50.26:975][  0]LogConfig: Setting CVar [[s.UnregisterComponentsTimeLimit:1.0]]
[2019.01.20-14.50.26:975][  0]LogConfig: Setting CVar [[s.LevelStreamingComponentsUnregistrationGranularity:5]]
[2019.01.20-14.50.26:975][  0]LogConfig: Applying CVar settings from Section [/Script/Engine.GarbageCollectionSettings] File [F:/Unreal Projects/Battle Tank/BT/Battle_Tank/Saved/Config/Windows/Engine.ini]
[2019.01.20-14.50.26:975][  0]LogConfig: Setting CVar [[gc.MaxObjectsNotConsideredByGC:1]]
[2019.01.20-14.50.26:975][  0]LogConfig: Setting CVar [[gc.SizeOfPermanentObjectPool:0]]
[2019.01.20-14.50.26:975][  0]LogConfig: Setting CVar [[gc.FlushStreamingOnGC:0]]
[2019.01.20-14.50.26:975][  0]LogConfig: Setting CVar [[gc.NumRetriesBeforeForcingGC:10]]
[2019.01.20-14.50.26:975][  0]LogConfig: Setting CVar [[gc.AllowParallelGC:1]]
[2019.01.20-14.50.26:975][  0]LogConfig: Setting CVar [[gc.TimeBetweenPurgingPendingKillObjects:61.1]]
[2019.01.20-14.50.26:975][  0]LogConfig: Setting CVar [[gc.MaxObjectsInEditor:8388607]]
[2019.01.20-14.50.26:975][  0]LogConfig: Setting CVar [[gc.IncrementalBeginDestroyEnabled:1]]
[2019.01.20-14.50.26:975][  0]LogConfig: Setting CVar [[gc.CreateGCClusters:1]]
[2019.01.20-14.50.26:975][  0]LogConfig: Setting CVar [[gc.MergeGCClusters:0]]
[2019.01.20-14.50.26:975][  0]LogConfig: Setting CVar [[gc.MinGCClusterSize:5]]
[2019.01.20-14.50.26:975][  0]LogConfig: Setting CVar [[gc.ActorClusteringEnabled:0]]
[2019.01.20-14.50.26:975][  0]LogConfig: Setting CVar [[gc.BlueprintClusteringEnabled:0]]
[2019.01.20-14.50.26:975][  0]LogConfig: Setting CVar [[gc.UseDisregardForGCOnDedicatedServers:0]]
[2019.01.20-14.50.26:975][  0]LogConfig: Applying CVar settings from Section [/Script/Engine.NetworkSettings] File [F:/Unreal Projects/Battle Tank/BT/Battle_Tank/Saved/Config/Windows/Engine.ini]
[2019.01.20-14.50.26:975][  0]LogConfig: Applying CVar settings from Section [/Script/UnrealEd.CookerSettings] File [F:/Unreal Projects/Battle Tank/BT/Battle_Tank/Saved/Config/Windows/Engine.ini]
[2019.01.20-14.50.26:979][  0]LogConfig: Applying CVar settings from Section [ViewDistanceQuality@3] File [F:/Unreal Projects/Battle Tank/BT/Battle_Tank/Saved/Config/Windows/Scalability.ini]
[2019.01.20-14.50.26:979][  0]LogConfig: Setting CVar [[r.SkeletalMeshLODBias:0]]
[2019.01.20-14.50.26:979][  0]LogConfig: Setting CVar [[r.ViewDistanceScale:1.0]]
[2019.01.20-14.50.26:979][  0]LogConfig: Applying CVar settings from Section [AntiAliasingQuality@3] File [F:/Unreal Projects/Battle Tank/BT/Battle_Tank/Saved/Config/Windows/Scalability.ini]
[2019.01.20-14.50.26:979][  0]LogConfig: Setting CVar [[r.PostProcessAAQuality:4]]
[2019.01.20-14.50.26:979][  0]LogConfig: Applying CVar settings from Section [ShadowQuality@3] File [F:/Unreal Projects/Battle Tank/BT/Battle_Tank/Saved/Config/Windows/Scalability.ini]
[2019.01.20-14.50.26:979][  0]LogConfig: Setting CVar [[r.LightFunctionQuality:1]]
[2019.01.20-14.50.26:979][  0]LogConfig: Setting CVar [[r.ShadowQuality:5]]
[2019.01.20-14.50.26:979][  0]LogConfig: Setting CVar [[r.Shadow.CSM.MaxCascades:10]]
[2019.01.20-14.50.26:979][  0]LogConfig: Setting CVar [[r.Shadow.MaxResolution:2048]]
[2019.01.20-14.50.26:979][  0]LogConfig: Setting CVar [[r.Shadow.MaxCSMResolution:2048]]
[2019.01.20-14.50.26:979][  0]LogConfig: Setting CVar [[r.Shadow.RadiusThreshold:0.01]]
[2019.01.20-14.50.26:979][  0]LogConfig: Setting CVar [[r.Shadow.DistanceScale:1.0]]
[2019.01.20-14.50.26:979][  0]LogConfig: Setting CVar [[r.Shadow.CSM.TransitionScale:1.0]]
[2019.01.20-14.50.26:979][  0]LogConfig: Setting CVar [[r.Shadow.PreShadowResolutionFactor:1.0]]
[2019.01.20-14.50.26:979][  0]LogConfig: Setting CVar [[r.DistanceFieldShadowing:1]]
[2019.01.20-14.50.26:979][  0]LogConfig: Setting CVar [[r.DistanceFieldAO:1]]
[2019.01.20-14.50.26:979][  0]LogConfig: Setting CVar [[r.AOQuality:2]]
[2019.01.20-14.50.26:979][  0]LogConfig: Setting CVar [[r.VolumetricFog:1]]
[2019.01.20-14.50.26:979][  0]LogConfig: Setting CVar [[r.VolumetricFog.GridPixelSize:8]]
[2019.01.20-14.50.26:979][  0]LogConfig: Setting CVar [[r.VolumetricFog.GridSizeZ:128]]
[2019.01.20-14.50.26:979][  0]LogConfig: Setting CVar [[r.VolumetricFog.HistoryMissSupersampleCount:4]]
[2019.01.20-14.50.26:979][  0]LogConfig: Setting CVar [[r.LightMaxDrawDistanceScale:1]]
[2019.01.20-14.50.26:979][  0]LogConfig: Setting CVar [[r.CapsuleShadows:1]]
[2019.01.20-14.50.26:979][  0]LogConfig: Applying CVar settings from Section [PostProcessQuality@3] File [F:/Unreal Projects/Battle Tank/BT/Battle_Tank/Saved/Config/Windows/Scalability.ini]
[2019.01.20-14.50.26:979][  0]LogConfig: Setting CVar [[r.MotionBlurQuality:4]]
[2019.01.20-14.50.26:979][  0]LogConfig: Setting CVar [[r.AmbientOcclusionMipLevelFactor:0.4]]
[2019.01.20-14.50.26:979][  0]LogConfig: Setting CVar [[r.AmbientOcclusionMaxQuality:100]]
[2019.01.20-14.50.26:979][  0]LogConfig: Setting CVar [[r.AmbientOcclusionLevels:-1]]
[2019.01.20-14.50.26:979][  0]LogConfig: Setting CVar [[r.AmbientOcclusionRadiusScale:1.0]]
[2019.01.20-14.50.26:979][  0]LogConfig: Setting CVar [[r.DepthOfFieldQuality:2]]
[2019.01.20-14.50.26:979][  0]LogConfig: Setting CVar [[r.RenderTargetPoolMin:400]]
[2019.01.20-14.50.26:979][  0]LogConfig: Setting CVar [[r.LensFlareQuality:2]]
[2019.01.20-14.50.26:980][  0]LogConfig: Setting CVar [[r.SceneColorFringeQuality:1]]
[2019.01.20-14.50.26:980][  0]LogConfig: Setting CVar [[r.EyeAdaptationQuality:2]]
[2019.01.20-14.50.26:980][  0]LogConfig: Setting CVar [[r.BloomQuality:5]]
[2019.01.20-14.50.26:980][  0]LogConfig: Setting CVar [[r.FastBlurThreshold:100]]
[2019.01.20-14.50.26:980][  0]LogConfig: Setting CVar [[r.Upscale.Quality:3]]
[2019.01.20-14.50.26:980][  0]LogConfig: Setting CVar [[r.Tonemapper.GrainQuantization:1]]
[2019.01.20-14.50.26:980][  0]LogConfig: Setting CVar [[r.LightShaftQuality:1]]
[2019.01.20-14.50.26:980][  0]LogConfig: Setting CVar [[r.Filter.SizeScale:1]]
[2019.01.20-14.50.26:980][  0]LogConfig: Setting CVar [[r.Tonemapper.Quality:5]]
[2019.01.20-14.50.26:980][  0]LogConfig: Setting CVar [[r.DOF.Gather.AccumulatorQuality:1        ; higher gathering accumulator quality]]
[2019.01.20-14.50.26:980][  0]LogConfig: Setting CVar [[r.DOF.Gather.PostfilterMethod:1          ; Median3x3 postfilering method]]
[2019.01.20-14.50.26:980][  0]LogConfig: Setting CVar [[r.DOF.Gather.EnableBokehSettings:0       ; no bokeh simulation when gathering]]
[2019.01.20-14.50.26:980][  0]LogConfig: Setting CVar [[r.DOF.Gather.RingCount:4                 ; medium number of samples when gathering]]
[2019.01.20-14.50.26:980][  0]LogConfig: Setting CVar [[r.DOF.Scatter.ForegroundCompositing:1    ; additive foreground scattering]]
[2019.01.20-14.50.26:980][  0]LogConfig: Setting CVar [[r.DOF.Scatter.BackgroundCompositing:2    ; additive background scattering]]
[2019.01.20-14.50.26:980][  0]LogConfig: Setting CVar [[r.DOF.Scatter.EnableBokehSettings:1      ; bokeh simulation when scattering]]
[2019.01.20-14.50.26:980][  0]LogConfig: Setting CVar [[r.DOF.Scatter.MaxSpriteRatio:0.1         ; only a maximum of 10% of scattered bokeh]]
[2019.01.20-14.50.26:980][  0]LogConfig: Setting CVar [[r.DOF.Recombine.Quality:1                ; cheap slight out of focus]]
[2019.01.20-14.50.26:980][  0]LogConfig: Setting CVar [[r.DOF.Recombine.EnableBokehSettings:0    ; no bokeh simulation on slight out of focus]]
[2019.01.20-14.50.26:980][  0]LogConfig: Setting CVar [[r.DOF.TemporalAAQuality:1                ; more stable temporal accumulation]]
[2019.01.20-14.50.26:980][  0]LogConfig: Setting CVar [[r.DOF.Kernel.MaxForegroundRadius:0.025]]
[2019.01.20-14.50.26:980][  0]LogConfig: Setting CVar [[r.DOF.Kernel.MaxBackgroundRadius:0.025]]
[2019.01.20-14.50.26:980][  0]LogConfig: Applying CVar settings from Section [TextureQuality@3] File [F:/Unreal Projects/Battle Tank/BT/Battle_Tank/Saved/Config/Windows/Scalability.ini]
[2019.01.20-14.50.26:980][  0]LogConfig: Setting CVar [[r.Streaming.MipBias:0]]
[2019.01.20-14.50.26:980][  0]LogConfig: Setting CVar [[r.Streaming.AmortizeCPUToGPUCopy:0]]
[2019.01.20-14.50.26:980][  0]LogConfig: Setting CVar [[r.Streaming.MaxNumTexturesToStreamPerFrame:0]]
[2019.01.20-14.50.26:980][  0]LogConfig: Setting CVar [[r.Streaming.Boost:1]]
[2019.01.20-14.50.26:980][  0]LogConfig: Setting CVar [[r.MaxAnisotropy:8]]
[2019.01.20-14.50.26:980][  0]LogConfig: Setting CVar [[r.Streaming.LimitPoolSizeToVRAM:0]]
[2019.01.20-14.50.26:980][  0]LogConfig: Setting CVar [[r.Streaming.PoolSize:1000]]
[2019.01.20-14.50.26:980][  0]LogConfig: Setting CVar [[r.Streaming.MaxEffectiveScreenSize:0]]
[2019.01.20-14.50.26:980][  0]LogConfig: Applying CVar settings from Section [EffectsQuality@3] File [F:/Unreal Projects/Battle Tank/BT/Battle_Tank/Saved/Config/Windows/Scalability.ini]
[2019.01.20-14.50.26:980][  0]LogConfig: Setting CVar [[r.TranslucencyLightingVolumeDim:64]]
[2019.01.20-14.50.26:980][  0]LogConfig: Setting CVar [[r.RefractionQuality:2]]
[2019.01.20-14.50.26:980][  0]LogConfig: Setting CVar [[r.SSR.Quality:3]]
[2019.01.20-14.50.26:980][  0]LogConfig: Setting CVar [[r.SceneColorFormat:4]]
[2019.01.20-14.50.26:980][  0]LogConfig: Setting CVar [[r.DetailMode:2]]
[2019.01.20-14.50.26:980][  0]LogConfig: Setting CVar [[r.TranslucencyVolumeBlur:1]]
[2019.01.20-14.50.26:980][  0]LogConfig: Setting CVar [[r.MaterialQualityLevel:1 ; High quality]]
[2019.01.20-14.50.26:980][  0]LogConfig: Setting CVar [[r.SSS.Scale:1]]
[2019.01.20-14.50.26:980][  0]LogConfig: Setting CVar [[r.SSS.SampleSet:2]]
[2019.01.20-14.50.26:980][  0]LogConfig: Setting CVar [[r.SSS.Quality:1]]
[2019.01.20-14.50.26:980][  0]LogConfig: Setting CVar [[r.SSS.HalfRes:1]]
[2019.01.20-14.50.26:980][  0]LogConfig: Setting CVar [[r.EmitterSpawnRateScale:1.0]]
[2019.01.20-14.50.26:980][  0]LogConfig: Setting CVar [[r.ParticleLightQuality:2]]
[2019.01.20-14.50.26:980][  0]LogConfig: Applying CVar settings from Section [FoliageQuality@3] File [F:/Unreal Projects/Battle Tank/BT/Battle_Tank/Saved/Config/Windows/Scalability.ini]
[2019.01.20-14.50.26:980][  0]LogConfig: Setting CVar [[foliage.DensityScale:1.0]]
[2019.01.20-14.50.26:980][  0]LogConfig: Setting CVar [[grass.DensityScale:1.0]]
[2019.01.20-14.50.26:981][  0]LogInit: Selected Device Profile: [Windows]
[2019.01.20-14.50.26:981][  0]LogInit: Applying CVar settings loaded from the selected device profile: [Windows]
[2019.01.20-14.50.26:997][  0]LogHAL: Display: Platform has ~ 32 GB [34310287360 / 34359738368 / 32], which maps to Largest [LargestMinGB=32, LargerMinGB=12, DefaultMinGB=8, SmallerMinGB=6, SmallestMinGB=0)
[2019.01.20-14.50.26:997][  0]LogConfig: Setting CVar [[r.Vulkan.UseRealUBs:1]]
[2019.01.20-14.50.26:997][  0]LogInit: Going up to parent DeviceProfile []
[2019.01.20-14.50.26:998][  0]LogConfig: Applying CVar settings from Section [ViewDistanceQuality@3] File [F:/Unreal Projects/Battle Tank/BT/Battle_Tank/Saved/Config/Windows/Scalability.ini]
[2019.01.20-14.50.26:998][  0]LogConfig: Setting CVar [[r.SkeletalMeshLODBias:0]]
[2019.01.20-14.50.26:998][  0]LogConfig: Setting CVar [[r.ViewDistanceScale:1.0]]
[2019.01.20-14.50.26:998][  0]LogConfig: Applying CVar settings from Section [AntiAliasingQuality@3] File [F:/Unreal Projects/Battle Tank/BT/Battle_Tank/Saved/Config/Windows/Scalability.ini]
[2019.01.20-14.50.26:998][  0]LogConfig: Setting CVar [[r.PostProcessAAQuality:4]]
[2019.01.20-14.50.26:998][  0]LogConfig: Applying CVar settings from Section [ShadowQuality@3] File [F:/Unreal Projects/Battle Tank/BT/Battle_Tank/Saved/Config/Windows/Scalability.ini]
[2019.01.20-14.50.26:998][  0]LogConfig: Setting CVar [[r.LightFunctionQuality:1]]
[2019.01.20-14.50.26:998][  0]LogConfig: Setting CVar [[r.ShadowQuality:5]]
[2019.01.20-14.50.26:998][  0]LogConfig: Setting CVar [[r.Shadow.CSM.MaxCascades:10]]
[2019.01.20-14.50.26:998][  0]LogConfig: Setting CVar [[r.Shadow.MaxResolution:2048]]
[2019.01.20-14.50.26:998][  0]LogConfig: Setting CVar [[r.Shadow.MaxCSMResolution:2048]]
[2019.01.20-14.50.26:998][  0]LogConfig: Setting CVar [[r.Shadow.RadiusThreshold:0.01]]
[2019.01.20-14.50.26:998][  0]LogConfig: Setting CVar [[r.Shadow.DistanceScale:1.0]]
[2019.01.20-14.50.26:998][  0]LogConfig: Setting CVar [[r.Shadow.CSM.TransitionScale:1.0]]
[2019.01.20-14.50.26:998][  0]LogConfig: Setting CVar [[r.Shadow.PreShadowResolutionFactor:1.0]]
[2019.01.20-14.50.26:998][  0]LogConfig: Setting CVar [[r.DistanceFieldShadowing:1]]
[2019.01.20-14.50.26:998][  0]LogConfig: Setting CVar [[r.DistanceFieldAO:1]]
[2019.01.20-14.50.26:998][  0]LogConfig: Setting CVar [[r.AOQuality:2]]
[2019.01.20-14.50.26:998][  0]LogConfig: Setting CVar [[r.VolumetricFog:1]]
[2019.01.20-14.50.26:998][  0]LogConfig: Setting CVar [[r.VolumetricFog.GridPixelSize:8]]
[2019.01.20-14.50.26:998][  0]LogConfig: Setting CVar [[r.VolumetricFog.GridSizeZ:128]]
[2019.01.20-14.50.26:998][  0]LogConfig: Setting CVar [[r.VolumetricFog.HistoryMissSupersampleCount:4]]
[2019.01.20-14.50.26:998][  0]LogConfig: Setting CVar [[r.LightMaxDrawDistanceScale:1]]
[2019.01.20-14.50.26:998][  0]LogConfig: Setting CVar [[r.CapsuleShadows:1]]
[2019.01.20-14.50.26:998][  0]LogConfig: Applying CVar settings from Section [PostProcessQuality@3] File [F:/Unreal Projects/Battle Tank/BT/Battle_Tank/Saved/Config/Windows/Scalability.ini]
[2019.01.20-14.50.26:998][  0]LogConfig: Setting CVar [[r.MotionBlurQuality:4]]
[2019.01.20-14.50.26:998][  0]LogConfig: Setting CVar [[r.AmbientOcclusionMipLevelFactor:0.4]]
[2019.01.20-14.50.26:998][  0]LogConfig: Setting CVar [[r.AmbientOcclusionMaxQuality:100]]
[2019.01.20-14.50.26:998][  0]LogConfig: Setting CVar [[r.AmbientOcclusionLevels:-1]]
[2019.01.20-14.50.26:998][  0]LogConfig: Setting CVar [[r.AmbientOcclusionRadiusScale:1.0]]
[2019.01.20-14.50.26:998][  0]LogConfig: Setting CVar [[r.DepthOfFieldQuality:2]]
[2019.01.20-14.50.26:998][  0]LogConfig: Setting CVar [[r.RenderTargetPoolMin:400]]
[2019.01.20-14.50.26:998][  0]LogConfig: Setting CVar [[r.LensFlareQuality:2]]
[2019.01.20-14.50.26:998][  0]LogConfig: Setting CVar [[r.SceneColorFringeQuality:1]]
[2019.01.20-14.50.26:998][  0]LogConfig: Setting CVar [[r.EyeAdaptationQuality:2]]
[2019.01.20-14.50.26:998][  0]LogConfig: Setting CVar [[r.BloomQuality:5]]
[2019.01.20-14.50.26:998][  0]LogConfig: Setting CVar [[r.FastBlurThreshold:100]]
[2019.01.20-14.50.26:999][  0]LogConfig: Setting CVar [[r.Upscale.Quality:3]]
[2019.01.20-14.50.26:999][  0]LogConfig: Setting CVar [[r.Tonemapper.GrainQuantization:1]]
[2019.01.20-14.50.26:999][  0]LogConfig: Setting CVar [[r.LightShaftQuality:1]]
[2019.01.20-14.50.26:999][  0]LogConfig: Setting CVar [[r.Filter.SizeScale:1]]
[2019.01.20-14.50.26:999][  0]LogConfig: Setting CVar [[r.Tonemapper.Quality:5]]
[2019.01.20-14.50.26:999][  0]LogConfig: Setting CVar [[r.DOF.Gather.AccumulatorQuality:1        ; higher gathering accumulator quality]]
[2019.01.20-14.50.26:999][  0]LogConfig: Setting CVar [[r.DOF.Gather.PostfilterMethod:1          ; Median3x3 postfilering method]]
[2019.01.20-14.50.26:999][  0]LogConfig: Setting CVar [[r.DOF.Gather.EnableBokehSettings:0       ; no bokeh simulation when gathering]]
[2019.01.20-14.50.26:999][  0]LogConfig: Setting CVar [[r.DOF.Gather.RingCount:4                 ; medium number of samples when gathering]]
[2019.01.20-14.50.26:999][  0]LogConfig: Setting CVar [[r.DOF.Scatter.ForegroundCompositing:1    ; additive foreground scattering]]
[2019.01.20-14.50.26:999][  0]LogConfig: Setting CVar [[r.DOF.Scatter.BackgroundCompositing:2    ; additive background scattering]]
[2019.01.20-14.50.26:999][  0]LogConfig: Setting CVar [[r.DOF.Scatter.EnableBokehSettings:1      ; bokeh simulation when scattering]]
[2019.01.20-14.50.26:999][  0]LogConfig: Setting CVar [[r.DOF.Scatter.MaxSpriteRatio:0.1         ; only a maximum of 10% of scattered bokeh]]
[2019.01.20-14.50.26:999][  0]LogConfig: Setting CVar [[r.DOF.Recombine.Quality:1                ; cheap slight out of focus]]
[2019.01.20-14.50.26:999][  0]LogConfig: Setting CVar [[r.DOF.Recombine.EnableBokehSettings:0    ; no bokeh simulation on slight out of focus]]
[2019.01.20-14.50.26:999][  0]LogConfig: Setting CVar [[r.DOF.TemporalAAQuality:1                ; more stable temporal accumulation]]
[2019.01.20-14.50.26:999][  0]LogConfig: Setting CVar [[r.DOF.Kernel.MaxForegroundRadius:0.025]]
[2019.01.20-14.50.26:999][  0]LogConfig: Setting CVar [[r.DOF.Kernel.MaxBackgroundRadius:0.025]]
[2019.01.20-14.50.26:999][  0]LogConfig: Applying CVar settings from Section [TextureQuality@3] File [F:/Unreal Projects/Battle Tank/BT/Battle_Tank/Saved/Config/Windows/Scalability.ini]
[2019.01.20-14.50.26:999][  0]LogConfig: Setting CVar [[r.Streaming.MipBias:0]]
[2019.01.20-14.50.26:999][  0]LogConfig: Setting CVar [[r.Streaming.AmortizeCPUToGPUCopy:0]]
[2019.01.20-14.50.26:999][  0]LogConfig: Setting CVar [[r.Streaming.MaxNumTexturesToStreamPerFrame:0]]
[2019.01.20-14.50.26:999][  0]LogConfig: Setting CVar [[r.Streaming.Boost:1]]
[2019.01.20-14.50.26:999][  0]LogConfig: Setting CVar [[r.MaxAnisotropy:8]]
[2019.01.20-14.50.26:999][  0]LogConfig: Setting CVar [[r.Streaming.LimitPoolSizeToVRAM:0]]
[2019.01.20-14.50.26:999][  0]LogConfig: Setting CVar [[r.Streaming.PoolSize:1000]]
[2019.01.20-14.50.26:999][  0]LogConfig: Setting CVar [[r.Streaming.MaxEffectiveScreenSize:0]]
[2019.01.20-14.50.26:999][  0]LogConfig: Applying CVar settings from Section [EffectsQuality@3] File [F:/Unreal Projects/Battle Tank/BT/Battle_Tank/Saved/Config/Windows/Scalability.ini]
[2019.01.20-14.50.26:999][  0]LogConfig: Setting CVar [[r.TranslucencyLightingVolumeDim:64]]
[2019.01.20-14.50.26:999][  0]LogConfig: Setting CVar [[r.RefractionQuality:2]]
[2019.01.20-14.50.26:999][  0]LogConfig: Setting CVar [[r.SSR.Quality:3]]
[2019.01.20-14.50.26:999][  0]LogConfig: Setting CVar [[r.SceneColorFormat:4]]
[2019.01.20-14.50.26:999][  0]LogConfig: Setting CVar [[r.DetailMode:2]]
[2019.01.20-14.50.26:999][  0]LogConfig: Setting CVar [[r.TranslucencyVolumeBlur:1]]
[2019.01.20-14.50.26:999][  0]LogConfig: Setting CVar [[r.MaterialQualityLevel:1 ; High quality]]
[2019.01.20-14.50.26:999][  0]LogConfig: Setting CVar [[r.SSS.Scale:1]]
[2019.01.20-14.50.26:999][  0]LogConfig: Setting CVar [[r.SSS.SampleSet:2]]
[2019.01.20-14.50.26:999][  0]LogConfig: Setting CVar [[r.SSS.Quality:1]]
[2019.01.20-14.50.27:000][  0]LogConfig: Setting CVar [[r.SSS.HalfRes:1]]
[2019.01.20-14.50.27:000][  0]LogConfig: Setting CVar [[r.EmitterSpawnRateScale:1.0]]
[2019.01.20-14.50.27:000][  0]LogConfig: Setting CVar [[r.ParticleLightQuality:2]]
[2019.01.20-14.50.27:000][  0]LogConfig: Applying CVar settings from Section [FoliageQuality@3] File [F:/Unreal Projects/Battle Tank/BT/Battle_Tank/Saved/Config/Windows/Scalability.ini]
[2019.01.20-14.50.27:000][  0]LogConfig: Setting CVar [[foliage.DensityScale:1.0]]
[2019.01.20-14.50.27:000][  0]LogConfig: Setting CVar [[grass.DensityScale:1.0]]
[2019.01.20-14.50.27:000][  0]LogConfig: Applying CVar settings from Section [Startup] File [../../../Engine/Config/ConsoleVariables.ini]
[2019.01.20-14.50.27:000][  0]LogConfig: Setting CVar [[net.UseAdaptiveNetUpdateFrequency:0]]
[2019.01.20-14.50.27:000][  0]LogConfig: Applying CVar settings from Section [ConsoleVariables] File [F:/Unreal Projects/Battle Tank/BT/Battle_Tank/Saved/Config/Windows/Engine.ini]
[2019.01.20-14.50.27:000][  0]LogInit: Computer: DESKTOP-2N9FB9R
[2019.01.20-14.50.27:000][  0]LogInit: User: heito
[2019.01.20-14.50.27:000][  0]LogInit: CPU Page size=4096, Cores=4
[2019.01.20-14.50.27:000][  0]LogInit: High frequency timer resolution =2.742189 MHz
[2019.01.20-14.50.27:001][  0]LogMemory: Memory total: Physical=32.0GB (32GB approx)
[2019.01.20-14.50.27:001][  0]LogMemory: Platform Memory Stats for Windows
[2019.01.20-14.50.27:001][  0]LogMemory: Process Physical Memory: 102.20 MB used, 102.20 MB peak
[2019.01.20-14.50.27:001][  0]LogMemory: Process Virtual Memory: 91.20 MB used, 91.20 MB peak
[2019.01.20-14.50.27:001][  0]LogMemory: Physical Memory: 7532.94 MB used,  25187.90 MB free, 32720.84 MB total
[2019.01.20-14.50.27:001][  0]LogMemory: Virtual Memory: 4647.87 MB used,  134213080.00 MB free, 134217728.00 MB total
[2019.01.20-14.50.27:541][  0]LogInit: Using OS detected language (pt-PT).
[2019.01.20-14.50.27:541][  0]LogInit: Using OS detected locale (pt-PT).
[2019.01.20-14.50.27:543][  0]LogTextLocalizationManager: No localization for 'pt-PT' exists, so 'en' will be used for the language.
[2019.01.20-14.50.27:997][  0]LogStreaming: Display: Took  0.455s to InitEngineTextLocalization.
[2019.01.20-14.50.27:997][  0]LogInit: Setting process to per monitor DPI aware
[2019.01.20-14.50.28:026][  0]LogSlate: New Slate User Created.  User Index 0, Is Virtual User: 0
[2019.01.20-14.50.28:026][  0]LogSlate: Slate User Registered.  User Index 0, Is Virtual User: 0
[2019.01.20-14.50.28:248][  0]LogHMD: Failed to initialize OpenVR with code 110
[2019.01.20-14.50.28:248][  0]LogD3D11RHI: D3D11 adapters:
[2019.01.20-14.50.28:305][  0]LogD3D11RHI:    0. 'NVIDIA GeForce GTX 1070' (Feature Level 11_0)
[2019.01.20-14.50.28:305][  0]LogD3D11RHI:       8081/0/16360 MB DedicatedVideo/DedicatedSystem/SharedSystem, Outputs:1, VendorId:0x10de
[2019.01.20-14.50.28:308][  0]LogD3D11RHI:    1. 'Microsoft Basic Render Driver' (Feature Level 11_0)
[2019.01.20-14.50.28:308][  0]LogD3D11RHI:       0/0/16360 MB DedicatedVideo/DedicatedSystem/SharedSystem, Outputs:0, VendorId:0x1414
[2019.01.20-14.50.28:308][  0]LogD3D11RHI: Chosen D3D11 Adapter: 0
[2019.01.20-14.50.28:317][  0]LogD3D11RHI: Creating new Direct3DDevice
[2019.01.20-14.50.28:317][  0]LogD3D11RHI:     GPU DeviceId: 0x1be1 (for the marketing name, search the web for "GPU Device Id")
[2019.01.20-14.50.28:317][  0]LogWindows: EnumDisplayDevices:
[2019.01.20-14.50.28:317][  0]LogWindows:    0. 'NVIDIA GeForce GTX 1070' (P:1 D:1)
[2019.01.20-14.50.28:317][  0]LogWindows:    1. 'NVIDIA GeForce GTX 1070' (P:0 D:0)
[2019.01.20-14.50.28:318][  0]LogWindows:    2. 'NVIDIA GeForce GTX 1070' (P:0 D:0)
[2019.01.20-14.50.28:318][  0]LogWindows:    3. 'NVIDIA GeForce GTX 1070' (P:0 D:0)
[2019.01.20-14.50.28:318][  0]LogWindows: DebugString: FoundDriverCount:4 
[2019.01.20-14.50.28:318][  0]LogD3D11RHI:     Adapter Name: NVIDIA GeForce GTX 1070
[2019.01.20-14.50.28:318][  0]LogD3D11RHI:   Driver Version: 416.94 (internal:25.21.14.1694, unified:416.94)
[2019.01.20-14.50.28:318][  0]LogD3D11RHI:      Driver Date: 11-12-2018
[2019.01.20-14.50.28:318][  0]LogRHI: Texture pool is 5656 MB (70% of 8081 MB)
[2019.01.20-14.50.28:368][  0]LogD3D11RHI: Async texture creation enabled
[2019.01.20-14.50.28:386][  0]LogD3D11RHI: GPU Timing Frequency: 1000.000000 (Debug: 2 2)
[2019.01.20-14.50.28:780][  0]LogTemp: Display: Loaded TP AllDesktopTargetPlatform
[2019.01.20-14.50.28:794][  0]LogTemp: Display: Loaded TP MacClientTargetPlatform
[2019.01.20-14.50.28:809][  0]LogTemp: Display: Loaded TP MacNoEditorTargetPlatform
[2019.01.20-14.50.28:821][  0]LogTemp: Display: Loaded TP MacServerTargetPlatform
[2019.01.20-14.50.28:835][  0]LogTemp: Display: Loaded TP MacTargetPlatform
[2019.01.20-14.50.28:849][  0]LogTemp: Display: Loaded TP WindowsClientTargetPlatform
[2019.01.20-14.50.28:863][  0]LogTemp: Display: Loaded TP WindowsNoEditorTargetPlatform
[2019.01.20-14.50.28:877][  0]LogTemp: Display: Loaded TP WindowsServerTargetPlatform
[2019.01.20-14.50.28:885][  0]LogTemp: Display: Loaded TP WindowsTargetPlatform
[2019.01.20-14.50.28:970][  0]LogTemp: Display: Loaded TP AndroidTargetPlatform
[2019.01.20-14.50.28:970][  0]LogTemp: Display: Loaded TP AndroidTargetPlatform
[2019.01.20-14.50.28:970][  0]LogTemp: Display: Loaded TP AndroidTargetPlatform
[2019.01.20-14.50.28:970][  0]LogTemp: Display: Loaded TP AndroidTargetPlatform
[2019.01.20-14.50.28:970][  0]LogTemp: Display: Loaded TP AndroidTargetPlatform
[2019.01.20-14.50.28:970][  0]LogTemp: Display: Loaded TP AndroidTargetPlatform
[2019.01.20-14.50.28:970][  0]LogTemp: Display: Loaded TP AndroidTargetPlatform
[2019.01.20-14.50.28:970][  0]LogTemp: Display: Loaded TP AndroidTargetPlatform
[2019.01.20-14.50.28:970][  0]LogTemp: Display: Loaded TP AndroidTargetPlatform
[2019.01.20-14.50.28:970][  0]LogTemp: Display: Loaded TP AndroidTargetPlatform
[2019.01.20-14.50.28:970][  0]LogTemp: Display: Loaded TP AndroidTargetPlatform
[2019.01.20-14.50.28:970][  0]LogTemp: Display: Loaded TP AndroidTargetPlatform
[2019.01.20-14.50.28:970][  0]LogTemp: Display: Loaded TP AndroidTargetPlatform
[2019.01.20-14.50.28:970][  0]LogTemp: Display: Loaded TP AndroidTargetPlatform
[2019.01.20-14.50.28:970][  0]LogTemp: Display: Loaded TP AndroidTargetPlatform
[2019.01.20-14.50.28:970][  0]LogTemp: Display: Loaded TP AndroidTargetPlatform
[2019.01.20-14.50.28:970][  0]LogTemp: Display: Loaded TP AndroidTargetPlatform
[2019.01.20-14.50.28:970][  0]LogTemp: Display: Loaded TP AndroidTargetPlatform
[2019.01.20-14.50.28:971][  0]LogTemp: Display: Loaded TP HTML5TargetPlatform
[2019.01.20-14.50.29:036][  0]LogTemp: Display: Loaded TP IOSTargetPlatform
[2019.01.20-14.50.29:036][  0]LogTemp: Display: Loaded TP IOSTargetPlatform
[2019.01.20-14.50.29:065][  0]LogTemp: Display: Loaded TP TVOSTargetPlatform
[2019.01.20-14.50.29:065][  0]LogTemp: Display: Loaded TP TVOSTargetPlatform
[2019.01.20-14.50.29:077][  0]LogTemp: Display: Loaded TP LinuxClientTargetPlatform
[2019.01.20-14.50.29:092][  0]LogTemp: Display: Loaded TP LinuxNoEditorTargetPlatform
[2019.01.20-14.50.29:105][  0]LogTemp: Display: Loaded TP LinuxServerTargetPlatform
[2019.01.20-14.50.29:119][  0]LogTemp: Display: Loaded TP LinuxTargetPlatform
[2019.01.20-14.50.29:167][  0]LogTemp: Display: Loaded TP LuminTargetPlatform
[2019.01.20-14.50.29:167][  0]LogTemp: Display: Loaded TP LuminTargetPlatform
[2019.01.20-14.50.29:167][  0]LogTargetPlatformManager: Display: Building Assets For Windows
[2019.01.20-14.50.29:236][  0]LogShaderCompilers: Guid format shader working directory is 0 characters bigger than the processId version (F:/Unreal Projects/Battle Tank/BT/Battle_Tank/Intermediate/Shaders/WorkingDirectory/20468/).
[2019.01.20-14.50.29:236][  0]LogShaderCompilers: Cleaned the shader compiler working directory 'C:/Users/heito/AppData/Local/Temp/UnrealShaderWorkingDir/F8BCFCD344F7BAFFFADDDCAF7D1D50E9/'.
[2019.01.20-14.50.29:238][  0]LogXGEController: Cleaning working directory: C:/Users/heito/AppData/Local/Temp/UnrealXGEWorkingDir/
[2019.01.20-14.50.29:249][  0]LogShaderCompilers: Display: Using XGE Shader Compiler (Interception Interface).
[2019.01.20-14.50.29:884][  0]LogDerivedDataCache: Display: Max Cache Size: 512 MB
[2019.01.20-14.50.29:947][  0]LogDerivedDataCache: Loaded boot cache 0.06s 71MB C:/Users/heito/AppData/Local/UnrealEngine/4.21/DerivedDataCache/Boot.ddc.
[2019.01.20-14.50.29:947][  0]LogDerivedDataCache: Display: Loaded Boot cache: C:/Users/heito/AppData/Local/UnrealEngine/4.21/DerivedDataCache/Boot.ddc
[2019.01.20-14.50.29:947][  0]LogDerivedDataCache: FDerivedDataBackendGraph:  Pak pak cache file F:/Unreal Projects/Battle Tank/BT/Battle_Tank/DerivedDataCache/DDC.ddp not found, will not use a pak cache.
[2019.01.20-14.50.29:947][  0]LogDerivedDataCache: Unable to find inner node Pak for hierarchical cache Hierarchy.
[2019.01.20-14.50.29:947][  0]LogDerivedDataCache: FDerivedDataBackendGraph:  CompressedPak pak cache file F:/Unreal Projects/Battle Tank/BT/Battle_Tank/DerivedDataCache/Compressed.ddp not found, will not use a pak cache.
[2019.01.20-14.50.29:947][  0]LogDerivedDataCache: Unable to find inner node CompressedPak for hierarchical cache Hierarchy.
[2019.01.20-14.50.29:963][  0]LogDerivedDataCache: Display: Pak cache opened for reading ../../../Engine/DerivedDataCache/Compressed.ddp.
[2019.01.20-14.50.29:963][  0]LogDerivedDataCache: FDerivedDataBackendGraph:  EnterprisePak pak cache file ../../../Enterprise/DerivedDataCache/Compressed.ddp not found, will not use a pak cache.
[2019.01.20-14.50.29:963][  0]LogDerivedDataCache: Unable to find inner node EnterprisePak for hierarchical cache Hierarchy.
[2019.01.20-14.50.29:975][  0]LogDerivedDataCache: Using Local data cache path C:/Users/heito/AppData/Local/UnrealEngine/Common/DerivedDataCache: Writable
[2019.01.20-14.50.29:975][  0]LogDerivedDataCache: Shared data cache path not found in *engine.ini, will not use an Shared cache.
[2019.01.20-14.50.29:975][  0]LogDerivedDataCache: Unable to find inner node Shared for hierarchical cache Hierarchy.
[2019.01.20-14.50.30:008][  0]LogMaterial: Verifying Global Shaders for PCD3D_SM5
[2019.01.20-14.50.30:010][  0]LogSlate: Using FreeType 2.6.0
[2019.01.20-14.50.30:010][  0]LogSlate: SlateFontServices - WITH_FREETYPE: 1, WITH_HARFBUZZ: 1
[2019.01.20-14.50.30:101][  0]LogAssetRegistry: FAssetRegistry took 0.0342 seconds to start up
[2019.01.20-14.50.30:474][  0]LogInit: Selected Device Profile: [Windows]
[2019.01.20-14.50.30:655][  0]LogSimplygon: Simplygon DLL not present - disabling.
[2019.01.20-14.50.30:660][  0]LogMeshReduction: Using SimplygonSwarm for distributed automatic mesh merging
[2019.01.20-14.50.30:660][  0]LogMeshReduction: Using ProxyLODMeshReduction for automatic mesh merging
[2019.01.20-14.50.30:660][  0]LogMeshReduction: Using QuadricMeshReduction for automatic static mesh reduction
[2019.01.20-14.50.30:660][  0]LogMeshReduction: No automatic skeletal mesh reduction module available
[2019.01.20-14.50.30:679][  0]LogNetVersion: Battle_Tank 1.0.0, NetCL: 4541578, EngineNetVer: 5, GameNetVer: 0 (Checksum: 1941966962)
[2019.01.20-14.50.31:211][  0]LogPackageLocalizationCache: Processed 11 localized package path(s) for 1 prioritized culture(s) in 0.045807 seconds
[2019.01.20-14.50.31:220][  0]LogUObjectArray: 39775 objects as part of root set at end of initial load.
[2019.01.20-14.50.31:220][  0]LogUObjectAllocator: 6914664 out of 0 bytes used by permanent object pool.
[2019.01.20-14.50.31:220][  0]LogUObjectArray: CloseDisregardForGC: 0/0 objects in disregard for GC pool
[2019.01.20-14.50.32:300][  0]LogTcpMessaging: Initializing TcpMessaging bridge
[2019.01.20-14.50.32:314][  0]LogUdpMessaging: Initializing bridge on interface 0.0.0.0:0 to multicast group 230.0.0.1:6666.
[2019.01.20-14.50.33:074][  0]SourceControl: Source control is disabled
[2019.01.20-14.50.33:074][  0]SourceControl: Source control is disabled
[2019.01.20-14.50.33:076][  0]SourceControl: Source control is disabled
[2019.01.20-14.50.33:077][  0]SourceControl: Source control is disabled
[2019.01.20-14.50.33:254][  0]LogAndroidPermission: UAndroidPermissionCallbackProxy::GetInstance
[2019.01.20-14.50.33:318][  0]LogOcInput: OculusInput pre-init called
[2019.01.20-14.50.33:461][  0]LogEngine: Initializing Engine...
[2019.01.20-14.50.33:461][  0]LogHMD: Failed to initialize OpenVR with code 110
[2019.01.20-14.50.33:463][  0]LogStats: UGameplayTagsManager::ConstructGameplayTagTree: ImportINI prefixes -  0.000 s
[2019.01.20-14.50.33:463][  0]LogStats: UGameplayTagsManager::ConstructGameplayTagTree: Construct from data asset -  0.000 s
[2019.01.20-14.50.33:463][  0]LogStats: UGameplayTagsManager::ConstructGameplayTagTree: ImportINI -  0.000 s
[2019.01.20-14.50.33:463][  0]LogStats: UGameplayTagsManager::ConstructGameplayTagTree: GameplayTagTreeChangedEvent.Broadcast -  0.000 s
[2019.01.20-14.50.33:744][  0]LogInit: Initializing FReadOnlyCVARCache
[2019.01.20-14.50.33:764][  0]LogAIModule: Creating AISystem for world Untitled
[2019.01.20-14.50.33:775][  0]LogInit: XAudio2 using 'Speakers (Realtek High Definition Audio)' : 6 channels at 48 kHz using 32 bits per sample (channel mask 0x3f)
[2019.01.20-14.50.33:864][  0]LogInit: FAudioDevice initialized.
[2019.01.20-14.50.33:864][  0]LogNetVersion: Set ProjectVersion to 1.0.0.0. Version Checksum will be recalculated on next use.
[2019.01.20-14.50.33:918][  0]LogDerivedDataCache: Saved boot cache 0.05s 71MB C:/Users/heito/AppData/Local/UnrealEngine/4.21/DerivedDataCache/Boot.ddc.
[2019.01.20-14.50.33:938][  0]LogInit: Texture streaming: Enabled
[2019.01.20-14.50.33:965][  0]LogEngineSessionManager: EngineSessionManager initialized
[2019.01.20-14.50.33:986][  0]LogInit: Transaction tracking system initialized
[2019.01.20-14.50.34:026][  0]BlueprintLog: New page: Editor Load
[2019.01.20-14.50.34:143][  0]LocalizationService: Localization service is disabled
[2019.01.20-14.50.34:703][  0]LogFileCache: Scanning file cache for directory 'F:/Unreal Projects/Battle Tank/BT/Battle_Tank/Content/' took 0.01s
[2019.01.20-14.50.34:703][  0]LogCook: Display: Max memory allowance for cook 16384mb min free memory 0mb
[2019.01.20-14.50.34:703][  0]LogCook: Display: Mobile HDR setting 1
[2019.01.20-14.50.34:703][  0]LogGameplayTags: Display: UGameplayTagsManager::DoneAddingNativeTags. DelegateIsBound: 0
[2019.01.20-14.50.34:703][  0]LogStats: UGameplayTagsManager::ConstructGameplayTagTree: ImportINI prefixes -  0.000 s
[2019.01.20-14.50.34:704][  0]LogStats: UGameplayTagsManager::ConstructGameplayTagTree: Construct from data asset -  0.000 s
[2019.01.20-14.50.34:704][  0]LogStats: UGameplayTagsManager::ConstructGameplayTagTree: ImportINI -  0.000 s
[2019.01.20-14.50.34:704][  0]LogStats: UGameplayTagsManager::ConstructGameplayTagTree: GameplayTagTreeChangedEvent.Broadcast -  0.000 s
[2019.01.20-14.50.34:861][  0]SourceControl: Source control is disabled
[2019.01.20-14.50.34:861][  0]Cmd: MAP LOAD FILE="F:/Unreal Projects/Battle Tank/BT/Battle_Tank/Content/BattleMap.umap" TEMPLATE=0 SHOWPROGRESS=1 FEATURELEVEL=3
[2019.01.20-14.50.34:861][  0]LightingResults: New page: Lighting Build
[2019.01.20-14.50.34:864][  0]MapCheck: New page: Map Check
[2019.01.20-14.50.34:864][  0]LightingResults: New page: Lighting Build
[2019.01.20-14.50.35:230][  0]LogAIModule: Creating AISystem for world BattleMap
[2019.01.20-14.50.35:281][  0]LogEditorServer: Finished looking for orphan Actors (0.000 secs)
[2019.01.20-14.50.35:305][  0]Cmd: MAP CHECKDEP NOCLEARLOG
[2019.01.20-14.50.35:305][  0]MapCheck: Map check complete: 0 Error(s), 0 Warning(s), took 0,093ms to complete.
[2019.01.20-14.50.35:305][  0]LogFileHelpers: Loading map 'BattleMap' took 0.444
[2019.01.20-14.50.35:405][  0]LogSlate: Updating window title bar state: overlay mode, drag disabled, window buttons hidden, title bar hidden
[2019.01.20-14.50.35:415][  0]LogSlate: Updating window title bar state: overlay mode, drag disabled, window buttons hidden, title bar hidden
[2019.01.20-14.50.35:425][  0]LogSlate: Updating window title bar state: overlay mode, drag disabled, window buttons hidden, title bar hidden
[2019.01.20-14.50.35:434][  0]LogSlate: Updating window title bar state: overlay mode, drag disabled, window buttons hidden, title bar hidden
[2019.01.20-14.50.35:444][  0]LogCollectionManager: Loaded 0 collections in 0.002834 seconds
[2019.01.20-14.50.35:473][  0]LogFileCache: Scanning file cache for directory 'F:/Unreal Projects/Battle Tank/BT/Battle_Tank/Saved/Collections/' took 0.01s
[2019.01.20-14.50.35:473][  0]LogFileCache: Scanning file cache for directory 'F:/Unreal Projects/Battle Tank/BT/Battle_Tank/Content/Developers/heito/Collections/' took 0.01s
[2019.01.20-14.50.35:473][  0]LogFileCache: Scanning file cache for directory 'F:/Unreal Projects/Battle Tank/BT/Battle_Tank/Content/Collections/' took 0.00s
[2019.01.20-14.50.35:473][  0]LogCollectionManager: Rebuilt the GUID cache for 0 collections in 0.000000 seconds
[2019.01.20-14.50.35:486][  0]LogContentBrowser: Native class hierarchy populated in 0.0127 seconds. Added 2652 classes and 622 folders.
[2019.01.20-14.50.35:496][  0]LogContentBrowser: Native class hierarchy updated for 'WidgetCarousel' in 0.0005 seconds. Added 0 classes and 0 folders.
[2019.01.20-14.50.35:498][  0]LogPakFile: Registered encryption key '00000000000000000000000000000000': 0 pak files mounted, 0 remain pending
[2019.01.20-14.50.35:498][  0]LogPakFile: Registered encryption key '00000000000000000000000000000000': 0 pak files mounted, 0 remain pending
[2019.01.20-14.50.35:499][  0]LogPakFile: Registered encryption key '00000000000000000000000000000000': 0 pak files mounted, 0 remain pending
[2019.01.20-14.50.35:500][  0]LogPakFile: Registered encryption key '00000000000000000000000000000000': 0 pak files mounted, 0 remain pending
[2019.01.20-14.50.35:500][  0]LogPakFile: Registered encryption key '00000000000000000000000000000000': 0 pak files mounted, 0 remain pending
[2019.01.20-14.50.35:501][  0]LogPakFile: Registered encryption key '00000000000000000000000000000000': 0 pak files mounted, 0 remain pending
[2019.01.20-14.50.35:502][  0]LogPakFile: Registered encryption key '00000000000000000000000000000000': 0 pak files mounted, 0 remain pending
[2019.01.20-14.50.35:503][  0]LogPakFile: Registered encryption key '00000000000000000000000000000000': 0 pak files mounted, 0 remain pending
[2019.01.20-14.50.35:504][  0]LogPakFile: Registered encryption key '00000000000000000000000000000000': 0 pak files mounted, 0 remain pending
[2019.01.20-14.50.35:504][  0]LogPakFile: Registered encryption key '00000000000000000000000000000000': 0 pak files mounted, 0 remain pending
[2019.01.20-14.50.35:505][  0]LogPakFile: Registered encryption key '00000000000000000000000000000000': 0 pak files mounted, 0 remain pending
[2019.01.20-14.50.35:505][  0]LogPakFile: Registered encryption key '00000000000000000000000000000000': 0 pak files mounted, 0 remain pending
[2019.01.20-14.50.35:506][  0]LogPakFile: Registered encryption key '00000000000000000000000000000000': 0 pak files mounted, 0 remain pending
[2019.01.20-14.50.35:506][  0]LogPakFile: Registered encryption key '00000000000000000000000000000000': 0 pak files mounted, 0 remain pending
[2019.01.20-14.50.35:507][  0]LogPakFile: Registered encryption key '00000000000000000000000000000000': 0 pak files mounted, 0 remain pending
[2019.01.20-14.50.35:508][  0]LogPakFile: Registered encryption key '00000000000000000000000000000000': 0 pak files mounted, 0 remain pending
[2019.01.20-14.50.35:508][  0]LogPakFile: Registered encryption key '00000000000000000000000000000000': 0 pak files mounted, 0 remain pending
[2019.01.20-14.50.35:509][  0]LogPakFile: Registered encryption key '00000000000000000000000000000000': 0 pak files mounted, 0 remain pending
[2019.01.20-14.50.35:510][  0]LogPakFile: Registered encryption key '00000000000000000000000000000000': 0 pak files mounted, 0 remain pending
[2019.01.20-14.50.35:510][  0]LogPakFile: Registered encryption key '00000000000000000000000000000000': 0 pak files mounted, 0 remain pending
[2019.01.20-14.50.35:511][  0]LogPakFile: Registered encryption key '00000000000000000000000000000000': 0 pak files mounted, 0 remain pending
[2019.01.20-14.50.35:512][  0]LogPakFile: Registered encryption key '00000000000000000000000000000000': 0 pak files mounted, 0 remain pending
[2019.01.20-14.50.35:513][  0]LogPakFile: Registered encryption key '00000000000000000000000000000000': 0 pak files mounted, 0 remain pending
[2019.01.20-14.50.35:513][  0]LogPakFile: Registered encryption key '00000000000000000000000000000000': 0 pak files mounted, 0 remain pending
[2019.01.20-14.50.35:514][  0]LogPakFile: Registered encryption key '00000000000000000000000000000000': 0 pak files mounted, 0 remain pending
[2019.01.20-14.50.35:515][  0]LogPakFile: Registered encryption key '00000000000000000000000000000000': 0 pak files mounted, 0 remain pending
[2019.01.20-14.50.35:571][  0]LogContentBrowser: Native class hierarchy updated for 'AddContentDialog' in 0.0005 seconds. Added 0 classes and 0 folders.
[2019.01.20-14.50.35:578][  0]LogContentBrowser: Native class hierarchy updated for 'SceneOutliner' in 0.0004 seconds. Added 1 classes and 2 folders.
[2019.01.20-14.50.35:599][  0]LogSlate: Took 0.000178 seconds to synchronously load lazily loaded font '../../../Engine/Content/Slate/Fonts/Roboto-Regular.ttf' (155K)
[2019.01.20-14.50.35:601][  0]LogSlate: Took 0.000187 seconds to synchronously load lazily loaded font '../../../Engine/Content/Slate/Fonts/Roboto-Bold.ttf' (160K)
[2019.01.20-14.50.35:609][  0]LogSlate: Took 0.000179 seconds to synchronously load lazily loaded font '../../../Engine/Content/Editor/Slate/Fonts/FontAwesome.ttf' (139K)
[2019.01.20-14.50.35:726][  0]LogRenderer: Reallocating scene render targets to support 1208x576 Format 10 NumSamples 1 (Frame:1).
[2019.01.20-14.50.35:788][  0]LogSlate: Took 0.000194 seconds to synchronously load lazily loaded font '../../../Engine/Content/Slate/Fonts/Roboto-Light.ttf' (167K)
[2019.01.20-14.50.35:935][  0]LogContentBrowser: Native class hierarchy updated for 'HierarchicalLODOutliner' in 0.0005 seconds. Added 0 classes and 0 folders.
[2019.01.20-14.50.35:935][  0]LogLoad: (Engine Initialization) Total time: 11.16 seconds
[2019.01.20-14.50.35:935][  0]LogLoad: (Engine Initialization) Total Blueprint compile time: 0.00 seconds
[2019.01.20-14.50.36:036][  0]LogContentStreaming: Texture pool size now 1000 MB
[2019.01.20-14.50.36:260][  2]LogAssetRegistry: Asset discovery search completed in 6.1821 seconds
[2019.01.20-14.50.36:264][  2]LogCollectionManager: Rebuilt the object cache for 0 collections in 0.000000 seconds (found 0 objects)
[2019.01.20-14.50.36:264][  2]LogCollectionManager: Fixed up redirectors for 0 collections in 0.000089 seconds (updated 0 objects)
[2019.01.20-14.50.37:564][  6]LogSlate: Took 0.000199 seconds to synchronously load lazily loaded font '../../../Engine/Content/Slate/Fonts/Roboto-Light.ttf' (167K)
[2019.01.20-14.50.42:542][ 75]LogSlate: FSceneViewport::OnFocusLost() reason 2
[2019.01.20-14.50.43:469][130]LogSlate: FSceneViewport::OnFocusLost() reason 2
[2019.01.20-14.50.53:300][130]LogSlate: Window 'New Level' being destroyed
[2019.01.20-14.50.53:307][130]LightingResults: New page: Lighting Build
[2019.01.20-14.50.53:308][130]MapCheck: New page: Map Check
[2019.01.20-14.50.53:308][130]LightingResults: New page: Lighting Build
[2019.01.20-14.50.53:334][130]LogAIModule: Creating AISystem for world Untitled
[2019.01.20-14.50.53:338][130]LoadErrors: New page: New Map
[2019.01.20-14.51.05:403][854]LogSlate: FSceneViewport::OnFocusLost() reason 0
[2019.01.20-14.51.06:705][931]LogAssetEditorManager: Opening Asset editor for Blueprint /Game/Tank/TankPlayerController_BP.TankPlayerController_BP
[2019.01.20-14.51.07:200][931]LogContentBrowser: Native class hierarchy updated for 'BlueprintGraph' in 0.0007 seconds. Added 117 classes and 0 folders.
[2019.01.20-14.51.07:956][931]LogAssetEditorManager: Opening Asset editor for Blueprint /Game/Blueprints/BattleTankGameMode_BP.BattleTankGameMode_BP
[2019.01.20-14.51.09:760][ 23]LogSlate: Window 'BattleTankGameMode_BP' being destroyed
[2019.01.20-14.51.09:764][ 23]LogSlate: Window 'BattleTankGameMode_BP' being destroyed
[2019.01.20-14.51.09:824][ 23]LogActorComponent: UnregisterComponent: (/Engine/Transient.EditorFloorComp) Not registered. Aborting.
[2019.01.20-14.51.24:149][192]LogSlate: FSceneViewport::OnFocusLost() reason 2
[2019.01.20-14.51.25:483][272]LogSlate: FSceneViewport::OnFocusLost() reason 2
[2019.01.20-14.52.01:966][272]LogSlate: Window 'Save Level As' being destroyed
[2019.01.20-14.52.01:982][272]LogSlate: FSceneViewport::OnFocusLost() reason 2
[2019.01.20-14.52.01:993][272]Cmd: OBJ SAVEPACKAGE PACKAGE="/Game/Levels/MainMenu" FILE="F:/Unreal Projects/Battle Tank/BT/Battle_Tank/Content/Levels/MainMenu.umap" SILENT=true AUTOSAVING=false KEEPDIRTY=false
[2019.01.20-14.52.02:037][272]LogSavePackage: Moving 'F:/Unreal Projects/Battle Tank/BT/Battle_Tank/Saved/MainMenuD614D3D54B6D882F0DD26697479AC65C.tmp' to 'F:/Unreal Projects/Battle Tank/BT/Battle_Tank/Content/Levels/MainMenu.umap'
[2019.01.20-14.52.02:070][272]LogFileHelpers: Saving map 'MainMenu' took 0.098
[2019.01.20-14.52.10:948][790]LogSlate: FSceneViewport::OnFocusLost() reason 0
[2019.01.20-14.52.18:944][256]LogAIModule: Creating AISystem for world BattleMap
[2019.01.20-14.52.24:404][566]LogMetaData: Removing '/Game/Levels/BattleMap.BattleMap_C' ref from Metadata '/Game/BattleMap.PackageMetaData'
[2019.01.20-14.52.24:404][566]LogMetaData: Removing '/Game/Levels/BattleMap.BattleMap:PersistentLevel.BattleMap.EventGraph.K2Node_Event_0' ref from Metadata '/Game/BattleMap.PackageMetaData'
[2019.01.20-14.52.24:404][566]LogMetaData: Removing '/Game/Levels/BattleMap.BattleMap:PersistentLevel.BattleMap.EventGraph.K2Node_Event_1' ref from Metadata '/Game/BattleMap.PackageMetaData'
[2019.01.20-14.52.24:404][566]LogMetaData: Removing '/Game/Levels/BattleMap.SKEL_BattleMap_C' ref from Metadata '/Game/BattleMap.PackageMetaData'
[2019.01.20-14.52.24:424][566]Cmd: OBJ SAVEPACKAGE PACKAGE="/Game/Levels/BattleMap_BuiltData" FILE="F:/Unreal Projects/Battle Tank/BT/Battle_Tank/Content/Levels/BattleMap_BuiltData.uasset" SILENT=true
[2019.01.20-14.52.24:610][566]LogSavePackage: Moving 'F:/Unreal Projects/Battle Tank/BT/Battle_Tank/Saved/BattleMap_BuiltData8C24D50C4957C532394D29A7F5A556B2.tmp' to 'F:/Unreal Projects/Battle Tank/BT/Battle_Tank/Content/Levels/BattleMap_BuiltData.uasset'
[2019.01.20-14.52.24:617][566]Cmd: OBJ SAVEPACKAGE PACKAGE="/Game/Levels/BattleMap" FILE="F:/Unreal Projects/Battle Tank/BT/Battle_Tank/Content/Levels/BattleMap.umap" SILENT=true AUTOSAVING=false KEEPDIRTY=false
[2019.01.20-14.52.25:049][566]LogSavePackage: Moving 'F:/Unreal Projects/Battle Tank/BT/Battle_Tank/Saved/BattleMapE9FAD4B140318E25F3C5BCB3265D00D9.tmp' to 'F:/Unreal Projects/Battle Tank/BT/Battle_Tank/Content/Levels/BattleMap.umap'
[2019.01.20-14.52.25:057][566]LogFileHelpers: Saving map 'BattleMap' took 0.441
[2019.01.20-14.52.33:633][ 48]LogAssetEditorManager: Opening Asset editor for World /Game/Levels/BattleMap.BattleMap
[2019.01.20-14.52.33:657][ 48]Cmd: MAP LOAD FILE="F:/Unreal Projects/Battle Tank/BT/Battle_Tank/Content/Levels/BattleMap.umap" TEMPLATE=0 SHOWPROGRESS=1 FEATURELEVEL=3
[2019.01.20-14.52.33:657][ 48]LightingResults: New page: Lighting Build
[2019.01.20-14.52.33:658][ 48]LoadErrors: New page: Loading map: BattleMap.umap
[2019.01.20-14.52.33:658][ 48]MapCheck: New page: Map Check
[2019.01.20-14.52.33:658][ 48]LightingResults: New page: Lighting Build
[2019.01.20-14.52.33:690][ 48]LogEditorServer: Finished looking for orphan Actors (0.000 secs)
[2019.01.20-14.52.33:742][ 48]Cmd: MAP CHECKDEP NOCLEARLOG
[2019.01.20-14.52.33:743][ 48]MapCheck: Map check complete: 0 Error(s), 0 Warning(s), took 0,144ms to complete.
[2019.01.20-14.52.33:744][ 48]LogFileHelpers: Loading map 'BattleMap' took 0.088
[2019.01.20-14.52.34:867][112]LogAIModule: Creating AISystem for world MainMenu
[2019.01.20-14.52.34:869][112]LogAssetEditorManager: Opening Asset editor for World /Game/Levels/MainMenu.MainMenu
[2019.01.20-14.52.34:893][112]Cmd: MAP LOAD FILE="F:/Unreal Projects/Battle Tank/BT/Battle_Tank/Content/Levels/MainMenu.umap" TEMPLATE=0 SHOWPROGRESS=1 FEATURELEVEL=3
[2019.01.20-14.52.34:893][112]LightingResults: New page: Lighting Build
[2019.01.20-14.52.34:894][112]LoadErrors: New page: Loading map: MainMenu.umap
[2019.01.20-14.52.34:895][112]MapCheck: New page: Map Check
[2019.01.20-14.52.34:895][112]LightingResults: New page: Lighting Build
[2019.01.20-14.52.34:925][112]LogEditorServer: Finished looking for orphan Actors (0.000 secs)
[2019.01.20-14.52.34:975][112]Cmd: MAP CHECKDEP NOCLEARLOG
[2019.01.20-14.52.34:975][112]MapCheck: Map check complete: 0 Error(s), 0 Warning(s), took 0,1ms to complete.
[2019.01.20-14.52.34:975][112]LogFileHelpers: Loading map 'MainMenu' took 0.083
[2019.01.20-14.52.35:960][169]LogUnrealEdMisc: Warning: Heartbeat event firing too frequently (33.880 sec). This should never happen. Something is wrong with the timer delegate!
[2019.01.20-14.53.44:210][160]LogRenderer: Reallocating scene render targets to support 1208x924 Format 10 NumSamples 1 (Frame:1143).
[2019.01.20-14.54.11:404][708]LogSlate: Window 'Delete Assets' being destroyed
[2019.01.20-14.54.27:167][644]LogSlate: Window 'Asset Report' being destroyed
[2019.01.20-14.54.38:123][644]LogSlate: Window 'Message' being destroyed
[2019.01.20-14.54.59:553][908]LogSlate: Window 'Asset Report' being destroyed
[2019.01.20-14.55.05:243][908]LogSlate: Window 'Message' being destroyed
[2019.01.20-14.55.05:248][908]LogAssetTools: Warning: Failed to copy F:/Unreal Projects/Battle Tank/BT/Battle_Tank/Content/Tank/PlayerUI.uasset to F:/Unreal Projects/Battle Tank/BT/Battle_Tank/Content/Tank/PlayerUI.uasset while migrating assets
[2019.01.20-14.55.05:254][908]AssetTools: New page: Copy Errors
[2019.01.20-14.55.05:254][908]AssetTools: Error: F:/Unreal Projects/Battle Tank/BT/Battle_Tank/Content/Tank/PlayerUI.uasset

[2019.01.20-14.56.38:923][552]LogAssetEditorManager: Opening Asset editor for LevelScriptBlueprint /Game/Levels/MainMenu.MainMenu:PersistentLevel.MainMenu
[2019.01.20-14.56.39:200][552]LogSlate: Took 0.000274 seconds to synchronously load lazily loaded font '../../../Engine/Content/Slate/Fonts/Roboto-BoldCondensed.ttf' (158K)
[2019.01.20-14.58.39:466][813]LogSlate: Window 'Save Content' being destroyed
[2019.01.20-14.58.39:485][813]Cmd: OBJ SAVEPACKAGE PACKAGE="/Game/Levels/MainMenu" FILE="F:/Unreal Projects/Battle Tank/BT/Battle_Tank/Content/Levels/MainMenu.umap" SILENT=true AUTOSAVING=false KEEPDIRTY=false
[2019.01.20-14.58.39:539][813]LogSavePackage: Moving 'F:/Unreal Projects/Battle Tank/BT/Battle_Tank/Saved/MainMenu9D96253B48A35901007CC5A574666E4E.tmp' to 'F:/Unreal Projects/Battle Tank/BT/Battle_Tank/Content/Levels/MainMenu.umap'
[2019.01.20-14.58.39:573][813]LogFileHelpers: Saving map 'MainMenu' took 0.088
[2019.01.20-14.58.45:545][170]LogSlate: Window 'Asset Report' being destroyed
[2019.01.20-15.00.58:220][924]LogMetaData: Removing '/Game/PlayerUI/PlayerUI.PlayerUI_C' ref from Metadata '/Game/Tank/PlayerUI.PackageMetaData'
[2019.01.20-15.00.58:220][924]LogMetaData: Removing '/Game/PlayerUI/PlayerUI.PlayerUI:EventGraph.K2Node_Event_0' ref from Metadata '/Game/Tank/PlayerUI.PackageMetaData'
[2019.01.20-15.00.58:220][924]LogMetaData: Removing '/Game/PlayerUI/PlayerUI.PlayerUI:EventGraph.K2Node_Event_1' ref from Metadata '/Game/Tank/PlayerUI.PackageMetaData'
[2019.01.20-15.00.58:220][924]LogMetaData: Removing '/Game/PlayerUI/PlayerUI.PlayerUI:EventGraph.K2Node_Event_2' ref from Metadata '/Game/Tank/PlayerUI.PackageMetaData'
[2019.01.20-15.00.58:220][924]LogMetaData: Removing '/Game/PlayerUI/PlayerUI.SKEL_PlayerUI_C:PreConstruct' ref from Metadata '/Game/Tank/PlayerUI.PackageMetaData'
[2019.01.20-15.00.58:220][924]LogMetaData: Removing '/Game/PlayerUI/PlayerUI.SKEL_PlayerUI_C:Construct' ref from Metadata '/Game/Tank/PlayerUI.PackageMetaData'
[2019.01.20-15.00.58:220][924]LogMetaData: Removing '/Game/PlayerUI/PlayerUI.SKEL_PlayerUI_C:Tick' ref from Metadata '/Game/Tank/PlayerUI.PackageMetaData'
[2019.01.20-15.00.58:220][924]LogMetaData: Removing '/Game/PlayerUI/PlayerUI.SKEL_PlayerUI_C:AimPoint' ref from Metadata '/Game/Tank/PlayerUI.PackageMetaData'
[2019.01.20-15.00.58:220][924]LogMetaData: Removing '/Game/PlayerUI/PlayerUI.SKEL_PlayerUI_C' ref from Metadata '/Game/Tank/PlayerUI.PackageMetaData'
[2019.01.20-15.00.58:220][924]LogMetaData: Removing '/Game/PlayerUI/PlayerUI.PlayerUI_C:AimPoint' ref from Metadata '/Game/Tank/PlayerUI.PackageMetaData'
[2019.01.20-15.00.58:240][924]Cmd: OBJ SAVEPACKAGE PACKAGE="/Game/PlayerUI/PlayerUI" FILE="F:/Unreal Projects/Battle Tank/BT/Battle_Tank/Content/PlayerUI/PlayerUI.uasset" SILENT=true
[2019.01.20-15.00.58:252][924]LogSavePackage: Moving 'F:/Unreal Projects/Battle Tank/BT/Battle_Tank/Saved/PlayerUI17162CFE457698D6FF0DCB919B2F0E5F.tmp' to 'F:/Unreal Projects/Battle Tank/BT/Battle_Tank/Content/PlayerUI/PlayerUI.uasset'
[2019.01.20-15.00.58:454][924]Cmd: OBJ SAVEPACKAGE PACKAGE="/Game/Tank/TankPlayerController_BP" FILE="F:/Unreal Projects/Battle Tank/BT/Battle_Tank/Content/Tank/TankPlayerController_BP.uasset" SILENT=true
[2019.01.20-15.00.58:472][924]LogSavePackage: Moving 'F:/Unreal Projects/Battle Tank/BT/Battle_Tank/Saved/TankPlayerController_BPF8F923BB4F5802102AE201A672271BD9.tmp' to 'F:/Unreal Projects/Battle Tank/BT/Battle_Tank/Content/Tank/TankPlayerController_BP.uasset'
[2019.01.20-15.01.01:677][ 96]LogSlate: Window 'Content Browser' being destroyed
[2019.01.20-15.01.01:682][ 96]LogSlate: Window 'Content Browser' being destroyed
[2019.01.20-15.01.09:325][551]LogTemp: Repeating last play command: Selected Viewport
[2019.01.20-15.01.09:338][551]LogBlueprintUserMessages: Early PlayInEditor Detection: Level '/Game/Levels/MainMenu.MainMenu:PersistentLevel' has LevelScriptBlueprint '/Game/Levels/MainMenu.MainMenu:PersistentLevel.MainMenu' with GeneratedClass '/Game/Levels/MainMenu.MainMenu_C' with ClassGeneratedBy '/Game/Levels/MainMenu.MainMenu:PersistentLevel.MainMenu'
[2019.01.20-15.01.09:338][551]BlueprintLog: New page: Pre-Play auto-recompile
[2019.01.20-15.01.09:339][551]LogPlayLevel: [PlayLevel] Compiling TankPlayerController_BP before play...
[2019.01.20-15.01.09:374][551]LogPlayLevel: PlayLevel: Blueprint regeneration took 36 ms (1 blueprints)
[2019.01.20-15.01.09:375][551]PIE: New page: PIE session: MainMenu (20/01/2019, 15:01:09)
[2019.01.20-15.01.09:388][551]LogPlayLevel: Creating play world package: /Game/Levels/UEDPIE_0_MainMenu
[2019.01.20-15.01.09:389][551]LogPlayLevel: PIE: StaticDuplicateObject took: (0.000877s)
[2019.01.20-15.01.09:389][551]LogAIModule: Creating AISystem for world MainMenu
[2019.01.20-15.01.09:390][551]LogPlayLevel: PIE: World Init took: (0.000706s)
[2019.01.20-15.01.09:390][551]LogPlayLevel: PIE: Created PIE world by copying editor world from /Game/Levels/MainMenu.MainMenu to /Game/Levels/UEDPIE_0_MainMenu.MainMenu (0.001806s)
[2019.01.20-15.01.09:424][551]LogInit: XAudio2 using 'Speakers (Realtek High Definition Audio)' : 6 channels at 48 kHz using 32 bits per sample (channel mask 0x3f)
[2019.01.20-15.01.09:487][551]LogInit: FAudioDevice initialized.
[2019.01.20-15.01.09:532][551]LogLoad: Game class is 'GameModeBase'
[2019.01.20-15.01.09:534][551]LogWorld: Bringing World /Game/Levels/UEDPIE_0_MainMenu.MainMenu up for play (max tick rate 60) at 2019.01.20-15.01.09
[2019.01.20-15.01.09:534][551]LogWorld: Bringing up level for play took: 0.000410
[2019.01.20-15.01.09:552][551]LogContentBrowser: Native class hierarchy updated for 'MovieSceneCapture' in 0.0004 seconds. Added 20 classes and 0 folders.
[2019.01.20-15.01.09:553][551]PIE: Play in editor start time for /Game/Levels/UEDPIE_0_MainMenu 0,967
[2019.01.20-15.01.09:553][551]LogBlueprintUserMessages: Late PlayInEditor Detection: Level '/Game/Levels/MainMenu.MainMenu:PersistentLevel' has LevelScriptBlueprint '/Game/Levels/MainMenu.MainMenu:PersistentLevel.MainMenu' with GeneratedClass '/Game/Levels/MainMenu.MainMenu_C' with ClassGeneratedBy '/Game/Levels/MainMenu.MainMenu:PersistentLevel.MainMenu'
[2019.01.20-15.01.13:525][789]LogBlueprintUserMessages: Early EndPlayMap Detection: Level '/Game/Levels/MainMenu.MainMenu:PersistentLevel' has LevelScriptBlueprint '/Game/Levels/MainMenu.MainMenu:PersistentLevel.MainMenu' with GeneratedClass '/Game/Levels/MainMenu.MainMenu_C' with ClassGeneratedBy '/Game/Levels/MainMenu.MainMenu:PersistentLevel.MainMenu'
[2019.01.20-15.01.13:525][789]LogSlate: Updating window title bar state: overlay mode, drag disabled, window buttons hidden, title bar hidden
[2019.01.20-15.01.13:561][789]LogPlayLevel: Display: Shutting down PIE online subsystems
[2019.01.20-15.01.13:561][789]LogBlueprintUserMessages: Late EndPlayMap Detection: Level '/Game/Levels/MainMenu.MainMenu:PersistentLevel' has LevelScriptBlueprint '/Game/Levels/MainMenu.MainMenu:PersistentLevel.MainMenu' with GeneratedClass '/Game/Levels/MainMenu.MainMenu_C' with ClassGeneratedBy '/Game/Levels/MainMenu.MainMenu:PersistentLevel.MainMenu'
[2019.01.20-15.01.13:596][789]LogSlate: Updating window title bar state: overlay mode, drag disabled, window buttons hidden, title bar hidden
[2019.01.20-15.01.13:629][791]LogPlayLevel: Display: Destroying online subsystem :Context_8
[2019.01.20-15.01.16:863][985]LogSlate: FSceneViewport::OnFocusLost() reason 0
[2019.01.20-15.01.21:403][250]LogAIModule: Creating AISystem for world BattleMap
[2019.01.20-15.01.21:421][250]LogAssetEditorManager: Opening Asset editor for World /Game/Levels/BattleMap.BattleMap
[2019.01.20-15.01.21:444][250]Cmd: MAP LOAD FILE="F:/Unreal Projects/Battle Tank/BT/Battle_Tank/Content/Levels/BattleMap.umap" TEMPLATE=0 SHOWPROGRESS=1 FEATURELEVEL=3
[2019.01.20-15.01.21:444][250]LightingResults: New page: Lighting Build
[2019.01.20-15.01.21:445][250]LoadErrors: New page: Loading map: BattleMap.umap
[2019.01.20-15.01.21:447][250]LogSlate: Window 'MainMenu - Level Blueprint Editor' being destroyed
[2019.01.20-15.01.21:481][250]MapCheck: New page: Map Check
[2019.01.20-15.01.21:481][250]LightingResults: New page: Lighting Build
[2019.01.20-15.01.21:541][250]LogEditorServer: Finished looking for orphan Actors (0.000 secs)
[2019.01.20-15.01.21:589][250]Cmd: MAP CHECKDEP NOCLEARLOG
[2019.01.20-15.01.21:589][250]MapCheck: Map check complete: 0 Error(s), 0 Warning(s), took 0,11ms to complete.
[2019.01.20-15.01.21:589][250]LogFileHelpers: Loading map 'BattleMap' took 0.145
[2019.01.20-15.01.22:534][304]LogTemp: Repeating last play command: Selected Viewport
[2019.01.20-15.01.22:552][304]LogBlueprintUserMessages: Early PlayInEditor Detection: Level '/Game/Levels/BattleMap.BattleMap:PersistentLevel' has LevelScriptBlueprint '/Game/Levels/BattleMap.BattleMap:PersistentLevel.BattleMap' with GeneratedClass '/Game/Levels/BattleMap.BattleMap_C' with ClassGeneratedBy '/Game/Levels/BattleMap.BattleMap:PersistentLevel.BattleMap'
[2019.01.20-15.01.22:552][304]LogPlayLevel: PlayLevel: No blueprints needed recompiling
[2019.01.20-15.01.22:552][304]PIE: New page: PIE session: BattleMap (20/01/2019, 15:01:22)
[2019.01.20-15.01.22:552][304]LogPlayLevel: Creating play world package: /Game/Levels/UEDPIE_0_BattleMap
[2019.01.20-15.01.22:604][304]LogPlayLevel: PIE: StaticDuplicateObject took: (0.052069s)
[2019.01.20-15.01.22:605][304]LogAIModule: Creating AISystem for world BattleMap
[2019.01.20-15.01.22:605][304]LogPlayLevel: PIE: World Init took: (0.000637s)
[2019.01.20-15.01.22:605][304]LogPlayLevel: PIE: Created PIE world by copying editor world from /Game/Levels/BattleMap.BattleMap to /Game/Levels/UEDPIE_0_BattleMap.BattleMap (0.052964s)
[2019.01.20-15.01.22:632][304]LogInit: XAudio2 using 'Speakers (Realtek High Definition Audio)' : 6 channels at 48 kHz using 32 bits per sample (channel mask 0x3f)
[2019.01.20-15.01.22:694][304]LogInit: FAudioDevice initialized.
[2019.01.20-15.01.22:730][304]LogLoad: Game class is 'BattleTankGameMode_BP_C'
[2019.01.20-15.01.22:734][304]LogWorld: Bringing World /Game/Levels/UEDPIE_0_BattleMap.BattleMap up for play (max tick rate 60) at 2019.01.20-15.01.22
[2019.01.20-15.01.22:734][304]LogWorld: Bringing up level for play took: 0.003226
[2019.01.20-15.01.22:748][304]PIE: Play in editor start time for /Game/Levels/UEDPIE_0_BattleMap 0,162
[2019.01.20-15.01.22:748][304]LogBlueprintUserMessages: Late PlayInEditor Detection: Level '/Game/Levels/BattleMap.BattleMap:PersistentLevel' has LevelScriptBlueprint '/Game/Levels/BattleMap.BattleMap:PersistentLevel.BattleMap' with GeneratedClass '/Game/Levels/BattleMap.BattleMap_C' with ClassGeneratedBy '/Game/Levels/BattleMap.BattleMap:PersistentLevel.BattleMap'
[2019.01.20-15.01.35:027][ 40]LogBlueprintUserMessages: Early EndPlayMap Detection: Level '/Game/Levels/BattleMap.BattleMap:PersistentLevel' has LevelScriptBlueprint '/Game/Levels/BattleMap.BattleMap:PersistentLevel.BattleMap' with GeneratedClass '/Game/Levels/BattleMap.BattleMap_C' with ClassGeneratedBy '/Game/Levels/BattleMap.BattleMap:PersistentLevel.BattleMap'
[2019.01.20-15.01.35:027][ 40]LogSlate: Updating window title bar state: overlay mode, drag disabled, window buttons hidden, title bar hidden
[2019.01.20-15.01.35:063][ 40]LogPlayLevel: Display: Shutting down PIE online subsystems
[2019.01.20-15.01.35:063][ 40]LogBlueprintUserMessages: Late EndPlayMap Detection: Level '/Game/Levels/BattleMap.BattleMap:PersistentLevel' has LevelScriptBlueprint '/Game/Levels/BattleMap.BattleMap:PersistentLevel.BattleMap' with GeneratedClass '/Game/Levels/BattleMap.BattleMap_C' with ClassGeneratedBy '/Game/Levels/BattleMap.BattleMap:PersistentLevel.BattleMap'
[2019.01.20-15.01.35:095][ 40]LogSlate: Updating window title bar state: overlay mode, drag disabled, window buttons hidden, title bar hidden
[2019.01.20-15.01.35:136][ 42]LogPlayLevel: Display: Destroying online subsystem :Context_9
[2019.01.20-15.01.37:138][162]LogSlate: FSceneViewport::OnFocusLost() reason 0
[2019.01.20-15.01.37:285][170]LogAIModule: Creating AISystem for world MainMenu
[2019.01.20-15.01.37:287][170]LogAssetEditorManager: Opening Asset editor for World /Game/Levels/MainMenu.MainMenu
[2019.01.20-15.01.37:310][170]Cmd: MAP LOAD FILE="F:/Unreal Projects/Battle Tank/BT/Battle_Tank/Content/Levels/MainMenu.umap" TEMPLATE=0 SHOWPROGRESS=1 FEATURELEVEL=3
[2019.01.20-15.01.37:310][170]LightingResults: New page: Lighting Build
[2019.01.20-15.01.37:311][170]LoadErrors: New page: Loading map: MainMenu.umap
[2019.01.20-15.01.37:312][170]MapCheck: New page: Map Check
[2019.01.20-15.01.37:312][170]LightingResults: New page: Lighting Build
[2019.01.20-15.01.37:345][170]LogEditorServer: Finished looking for orphan Actors (0.000 secs)
[2019.01.20-15.01.37:390][170]Cmd: MAP CHECKDEP NOCLEARLOG
[2019.01.20-15.01.37:391][170]MapCheck: Map check complete: 0 Error(s), 0 Warning(s), took 0,088ms to complete.
[2019.01.20-15.01.37:391][170]LogFileHelpers: Loading map 'MainMenu' took 0.081
[2019.01.20-15.02.41:661][ 87]LogSlate: Window 'Pick Parent Class' being destroyed
[2019.01.20-15.03.39:829][998]LogAssetEditorManager: Opening Asset editor for WidgetBlueprint /Game/PlayerUI/MainMenu_BP.MainMenu_BP
[2019.01.20-15.04.19:257][293]BlueprintLog: New page: Compile MainMenu_BP
[2019.01.20-15.04.19:996][324]Cmd: OBJ SAVEPACKAGE PACKAGE="/Game/PlayerUI/MainMenu_BP" FILE="F:/Unreal Projects/Battle Tank/BT/Battle_Tank/Content/PlayerUI/MainMenu_BP.uasset" SILENT=true
[2019.01.20-15.04.20:008][324]LogSavePackage: Moving 'F:/Unreal Projects/Battle Tank/BT/Battle_Tank/Saved/MainMenu_BP6C38DC3E4605492A217D779DAA8B0C3C.tmp' to 'F:/Unreal Projects/Battle Tank/BT/Battle_Tank/Content/PlayerUI/MainMenu_BP.uasset'
[2019.01.20-15.04.32:381][548]LogSlate: Window 'MainMenu_BP' being destroyed
[2019.01.20-15.04.32:389][548]LogSlate: Window 'MainMenu_BP' being destroyed
[2019.01.20-15.04.39:094][948]LogAssetEditorManager: Opening Asset editor for World /Game/Levels/MainMenu.MainMenu
[2019.01.20-15.04.39:117][948]Cmd: MAP LOAD FILE="F:/Unreal Projects/Battle Tank/BT/Battle_Tank/Content/Levels/MainMenu.umap" TEMPLATE=0 SHOWPROGRESS=1 FEATURELEVEL=3
[2019.01.20-15.04.39:117][948]LightingResults: New page: Lighting Build
[2019.01.20-15.04.39:118][948]LoadErrors: New page: Loading map: MainMenu.umap
[2019.01.20-15.04.39:118][948]MapCheck: New page: Map Check
[2019.01.20-15.04.39:118][948]LightingResults: New page: Lighting Build
[2019.01.20-15.04.39:151][948]LogAIModule: Creating AISystem for world MainMenu
[2019.01.20-15.04.39:153][948]LogEditorServer: Finished looking for orphan Actors (0.000 secs)
[2019.01.20-15.04.39:207][948]Cmd: MAP CHECKDEP NOCLEARLOG
[2019.01.20-15.04.39:207][948]MapCheck: Map check complete: 0 Error(s), 0 Warning(s), took 0,089ms to complete.
[2019.01.20-15.04.39:208][948]LogFileHelpers: Loading map 'MainMenu' took 0.091
[2019.01.20-15.04.52:642][635]LogAssetEditorManager: Opening Asset editor for LevelScriptBlueprint /Game/Levels/MainMenu.MainMenu:PersistentLevel.MainMenu
[2019.01.20-15.05.16:623][471]LogSlate: Prevented a slow task dialog from being summoned while a context menu was open
[2019.01.20-15.05.39:909][109]LogSlate: Took 0.000240 seconds to synchronously load lazily loaded font '../../../Engine/Content/Slate/Fonts/Roboto-Italic.ttf' (157K)
[2019.01.20-15.05.53:386][422]BlueprintLog: New page: Compile MainMenu
[2019.01.20-15.05.53:839][440]Cmd: OBJ SAVEPACKAGE PACKAGE="/Game/Levels/MainMenu" FILE="F:/Unreal Projects/Battle Tank/BT/Battle_Tank/Content/Levels/MainMenu.umap" SILENT=true AUTOSAVING=false KEEPDIRTY=false
[2019.01.20-15.05.54:018][440]LogSavePackage: Moving 'F:/Unreal Projects/Battle Tank/BT/Battle_Tank/Saved/MainMenu5DCDC9A24CFB260F51061EADB3FAAB95.tmp' to 'F:/Unreal Projects/Battle Tank/BT/Battle_Tank/Content/Levels/MainMenu.umap'
[2019.01.20-15.05.54:045][440]LogFileHelpers: Saving map 'MainMenu' took 0.207
[2019.01.20-15.05.55:115][504]LogTemp: Repeating last play command: Selected Viewport
[2019.01.20-15.05.55:131][504]LogBlueprintUserMessages: Early PlayInEditor Detection: Level '/Game/Levels/MainMenu.MainMenu:PersistentLevel' has LevelScriptBlueprint '/Game/Levels/MainMenu.MainMenu:PersistentLevel.MainMenu' with GeneratedClass '/Game/Levels/MainMenu.MainMenu_C' with ClassGeneratedBy '/Game/Levels/MainMenu.MainMenu:PersistentLevel.MainMenu'
[2019.01.20-15.05.55:132][504]LogPlayLevel: PlayLevel: No blueprints needed recompiling
[2019.01.20-15.05.55:132][504]PIE: New page: PIE session: MainMenu (20/01/2019, 15:05:55)
[2019.01.20-15.05.55:132][504]LogPlayLevel: Creating play world package: /Game/Levels/UEDPIE_0_MainMenu
[2019.01.20-15.05.55:133][504]LogPlayLevel: PIE: StaticDuplicateObject took: (0.000936s)
[2019.01.20-15.05.55:133][504]LogAIModule: Creating AISystem for world MainMenu
[2019.01.20-15.05.55:133][504]LogPlayLevel: PIE: World Init took: (0.000550s)
[2019.01.20-15.05.55:133][504]LogPlayLevel: PIE: Created PIE world by copying editor world from /Game/Levels/MainMenu.MainMenu to /Game/Levels/UEDPIE_0_MainMenu.MainMenu (0.001605s)
[2019.01.20-15.05.55:168][504]LogInit: XAudio2 using 'Speakers (Realtek High Definition Audio)' : 6 channels at 48 kHz using 32 bits per sample (channel mask 0x3f)
[2019.01.20-15.05.55:233][504]LogInit: FAudioDevice initialized.
[2019.01.20-15.05.55:271][504]LogLoad: Game class is 'GameModeBase'
[2019.01.20-15.05.55:272][504]LogWorld: Bringing World /Game/Levels/UEDPIE_0_MainMenu.MainMenu up for play (max tick rate 60) at 2019.01.20-15.05.55
[2019.01.20-15.05.55:272][504]LogWorld: Bringing up level for play took: 0.000511
[2019.01.20-15.05.55:285][504]PIE: Play in editor start time for /Game/Levels/UEDPIE_0_MainMenu 0,699
[2019.01.20-15.05.55:285][504]LogBlueprintUserMessages: Late PlayInEditor Detection: Level '/Game/Levels/MainMenu.MainMenu:PersistentLevel' has LevelScriptBlueprint '/Game/Levels/MainMenu.MainMenu:PersistentLevel.MainMenu' with GeneratedClass '/Game/Levels/MainMenu.MainMenu_C' with ClassGeneratedBy '/Game/Levels/MainMenu.MainMenu:PersistentLevel.MainMenu'
[2019.01.20-15.06.00:835][837]LogBlueprintUserMessages: Early EndPlayMap Detection: Level '/Game/Levels/MainMenu.MainMenu:PersistentLevel' has LevelScriptBlueprint '/Game/Levels/MainMenu.MainMenu:PersistentLevel.MainMenu' with GeneratedClass '/Game/Levels/MainMenu.MainMenu_C' with ClassGeneratedBy '/Game/Levels/MainMenu.MainMenu:PersistentLevel.MainMenu'
[2019.01.20-15.06.00:835][837]LogSlate: Updating window title bar state: overlay mode, drag disabled, window buttons hidden, title bar hidden
[2019.01.20-15.06.00:872][837]LogPlayLevel: Display: Shutting down PIE online subsystems
[2019.01.20-15.06.00:872][837]LogBlueprintUserMessages: Late EndPlayMap Detection: Level '/Game/Levels/MainMenu.MainMenu:PersistentLevel' has LevelScriptBlueprint '/Game/Levels/MainMenu.MainMenu:PersistentLevel.MainMenu' with GeneratedClass '/Game/Levels/MainMenu.MainMenu_C' with ClassGeneratedBy '/Game/Levels/MainMenu.MainMenu:PersistentLevel.MainMenu'
[2019.01.20-15.06.00:902][837]LogSlate: Updating window title bar state: overlay mode, drag disabled, window buttons hidden, title bar hidden
[2019.01.20-15.06.00:935][839]LogPlayLevel: Display: Destroying online subsystem :Context_13
[2019.01.20-15.06.44:631][ 36]LogSlate: FSceneViewport::OnFocusLost() reason 2
[2019.01.20-15.08.21:371][ 36]LogFactory: FactoryCreateFile: Texture with ReimportTextureFactory (0 0 ../../../../../../Users/heito/Desktop/322904-alexfas01.jpg)
[2019.01.20-15.08.21:396][ 36]LogTexture: Display: Building textures: 322904-alexfas01 (AutoDXT, 1280X800)
[2019.01.20-15.08.57:268][377]Cmd: OBJ SAVEPACKAGE PACKAGE="/Game/Levels/MainMenu" FILE="F:/Unreal Projects/Battle Tank/BT/Battle_Tank/Content/Levels/MainMenu.umap" SILENT=true AUTOSAVING=false KEEPDIRTY=false
[2019.01.20-15.08.57:452][377]LogSavePackage: Moving 'F:/Unreal Projects/Battle Tank/BT/Battle_Tank/Saved/MainMenuAD80330547DCC40A1EF2A392155427D1.tmp' to 'F:/Unreal Projects/Battle Tank/BT/Battle_Tank/Content/Levels/MainMenu.umap'
[2019.01.20-15.08.57:478][377]LogFileHelpers: Saving map 'MainMenu' took 0.211
[2019.01.20-15.08.58:351][429]LogSlate: Window 'MainMenu - Level Blueprint Editor' being destroyed
[2019.01.20-15.08.58:356][429]LogSlate: Window 'MainMenu - Level Blueprint Editor' being destroyed
[2019.01.20-15.09.01:222][599]LogAssetEditorManager: Opening Asset editor for WidgetBlueprint /Game/PlayerUI/MainMenu_BP.MainMenu_BP
[2019.01.20-15.09.53:267][257]LogSlate: Window 'Save Asset As' being destroyed
[2019.01.20-15.09.59:004][257]LogSlate: Window 'Message' being destroyed
[2019.01.20-15.09.59:125][257]LogTexture: Display: Building textures: 322904-alexfas01 (RGBA16F, 256X256)
[2019.01.20-15.10.13:713][504]LogSlate: Window 'Save Asset As' being destroyed
[2019.01.20-15.10.20:223][830]LogSlate: Window 'Delete Assets' being destroyed
[2019.01.20-15.10.20:230][830]LogSlate: Window 'MainMenu_BP*' being destroyed
[2019.01.20-15.10.29:800][ 33]LogFactory: FactoryCreateFile: Texture with ReimportTextureFactory (0 0 ../../../../../../Users/heito/Desktop/322904-alexfas01.jpg)
[2019.01.20-15.10.29:825][ 33]LogTexture: Display: Building textures: 322904-alexfas01 (AutoDXT, 1280X800)
[2019.01.20-15.10.36:280][309]LogAssetEditorManager: Opening Asset editor for WidgetBlueprint /Game/PlayerUI/MainMenu_BP.MainMenu_BP
[2019.01.20-15.10.46:335][705]LogSlate: Window 'Save Asset As' being destroyed
[2019.01.20-15.10.55:565][925]LogSlate: Window 'Save Asset As' being destroyed
[2019.01.20-15.10.56:722][925]LogSlate: Window 'Message' being destroyed
[2019.01.20-15.11.40:408][385]LogSlate: Window 'Save Asset As' being destroyed
[2019.01.20-15.11.56:630][260]LogSlate: Window 'Save Asset As' being destroyed
[2019.01.20-15.12.02:112][499]LogSlate: Window 'Save Asset As' being destroyed
[2019.01.20-15.12.04:148][545]LogSlate: Window 'Save Asset As' being destroyed
[2019.01.20-15.12.06:953][625]LogSlate: Window 'Save Asset As' being destroyed
[2019.01.20-15.12.16:726][166]Cmd: OBJ SAVEPACKAGE PACKAGE="/Game/PlayerUI/MainMenu_BP" FILE="F:/Unreal Projects/Battle Tank/BT/Battle_Tank/Content/PlayerUI/MainMenu_BP.uasset" SILENT=true
[2019.01.20-15.12.16:744][166]LogSavePackage: Moving 'F:/Unreal Projects/Battle Tank/BT/Battle_Tank/Saved/MainMenu_BPEDE660CA40EAB5857A951C916F9241F1.tmp' to 'F:/Unreal Projects/Battle Tank/BT/Battle_Tank/Content/PlayerUI/MainMenu_BP.uasset'
[2019.01.20-15.12.17:077][185]BlueprintLog: New page: Compile MainMenu_BP
[2019.01.20-15.13.16:781][333]Cmd: OBJ SAVEPACKAGE PACKAGE="/Game/PlayerUI/MainMenu_BP" FILE="F:/Unreal Projects/Battle Tank/BT/Battle_Tank/Content/PlayerUI/MainMenu_BP.uasset" SILENT=true
[2019.01.20-15.13.16:796][333]LogSavePackage: Moving 'F:/Unreal Projects/Battle Tank/BT/Battle_Tank/Saved/MainMenu_BP733014F0494EAA7AD864BD9B8CF63124.tmp' to 'F:/Unreal Projects/Battle Tank/BT/Battle_Tank/Content/PlayerUI/MainMenu_BP.uasset'
[2019.01.20-15.13.19:344][485]LogTemp: Repeating last play command: Selected Viewport
[2019.01.20-15.13.19:371][485]LogBlueprintUserMessages: Early PlayInEditor Detection: Level '/Game/Levels/MainMenu.MainMenu:PersistentLevel' has LevelScriptBlueprint '/Game/Levels/MainMenu.MainMenu:PersistentLevel.MainMenu' with GeneratedClass '/Game/Levels/MainMenu.MainMenu_C' with ClassGeneratedBy '/Game/Levels/MainMenu.MainMenu:PersistentLevel.MainMenu'
[2019.01.20-15.13.19:372][485]LogPlayLevel: PlayLevel: No blueprints needed recompiling
[2019.01.20-15.13.19:372][485]PIE: New page: PIE session: MainMenu (20/01/2019, 15:13:19)
[2019.01.20-15.13.19:372][485]LogPlayLevel: Creating play world package: /Game/Levels/UEDPIE_0_MainMenu
[2019.01.20-15.13.19:373][485]LogPlayLevel: PIE: StaticDuplicateObject took: (0.001170s)
[2019.01.20-15.13.19:374][485]LogAIModule: Creating AISystem for world MainMenu
[2019.01.20-15.13.19:374][485]LogPlayLevel: PIE: World Init took: (0.000757s)
[2019.01.20-15.13.19:374][485]LogPlayLevel: PIE: Created PIE world by copying editor world from /Game/Levels/MainMenu.MainMenu to /Game/Levels/UEDPIE_0_MainMenu.MainMenu (0.002068s)
[2019.01.20-15.13.19:410][485]LogInit: XAudio2 using 'Speakers (Realtek High Definition Audio)' : 6 channels at 48 kHz using 32 bits per sample (channel mask 0x3f)
[2019.01.20-15.13.19:480][485]LogInit: FAudioDevice initialized.
[2019.01.20-15.13.19:513][485]LogLoad: Game class is 'GameModeBase'
[2019.01.20-15.13.19:515][485]LogWorld: Bringing World /Game/Levels/UEDPIE_0_MainMenu.MainMenu up for play (max tick rate 60) at 2019.01.20-15.13.19
[2019.01.20-15.13.19:515][485]LogWorld: Bringing up level for play took: 0.000501
[2019.01.20-15.13.19:529][485]PIE: Play in editor start time for /Game/Levels/UEDPIE_0_MainMenu 0,943
[2019.01.20-15.13.19:529][485]LogBlueprintUserMessages: Late PlayInEditor Detection: Level '/Game/Levels/MainMenu.MainMenu:PersistentLevel' has LevelScriptBlueprint '/Game/Levels/MainMenu.MainMenu:PersistentLevel.MainMenu' with GeneratedClass '/Game/Levels/MainMenu.MainMenu_C' with ClassGeneratedBy '/Game/Levels/MainMenu.MainMenu:PersistentLevel.MainMenu'
[2019.01.20-15.13.24:158][763]LogBlueprintUserMessages: Early EndPlayMap Detection: Level '/Game/Levels/MainMenu.MainMenu:PersistentLevel' has LevelScriptBlueprint '/Game/Levels/MainMenu.MainMenu:PersistentLevel.MainMenu' with GeneratedClass '/Game/Levels/MainMenu.MainMenu_C' with ClassGeneratedBy '/Game/Levels/MainMenu.MainMenu:PersistentLevel.MainMenu'
[2019.01.20-15.13.24:159][763]LogSlate: Updating window title bar state: overlay mode, drag disabled, window buttons hidden, title bar hidden
[2019.01.20-15.13.24:195][763]LogPlayLevel: Display: Shutting down PIE online subsystems
[2019.01.20-15.13.24:195][763]LogBlueprintUserMessages: Late EndPlayMap Detection: Level '/Game/Levels/MainMenu.MainMenu:PersistentLevel' has LevelScriptBlueprint '/Game/Levels/MainMenu.MainMenu:PersistentLevel.MainMenu' with GeneratedClass '/Game/Levels/MainMenu.MainMenu_C' with ClassGeneratedBy '/Game/Levels/MainMenu.MainMenu:PersistentLevel.MainMenu'
[2019.01.20-15.13.24:230][763]LogSlate: Updating window title bar state: overlay mode, drag disabled, window buttons hidden, title bar hidden
[2019.01.20-15.13.24:272][766]LogPlayLevel: Display: Destroying online subsystem :Context_18
